#
# A fatal error has been detected by the Java Runtime Environment:
#
#  SIGILL (0x4) at pc=0x00007fff82cfe2ea, pid=20752, tid=52251
#
# JRE version: Java(TM) SE Runtime Environment (8.0_71-b15) (build 1.8.0_71-b15)
# Java VM: Java HotSpot(TM) 64-Bit Server VM (25.71-b15 mixed mode bsd-amd64 compressed oops)
# Problematic frame:
# C  [libobjc.A.dylib+0x122ea]  _ZL10_objc_trapv+0x0
#
# Failed to write core dump. Core dumps have been disabled. To enable core dumping, try "ulimit -c unlimited" before starting Java again
#
# If you would like to submit a bug report, please visit:
#   http://bugreport.java.com/bugreport/crash.jsp
# The crash happened outside the Java Virtual Machine in native code.
# See problematic frame for where to report the bug.
#

---------------  T H R E A D  ---------------

Current thread (0x00007ff4a52ad000):  JavaThread "AWT-EventQueue-0" [_thread_in_native, id=52251, stack(0x000000018a076000,0x000000018a176000)]

siginfo: si_signo: 4 (SIGILL), si_code: 1 (ILL_ILLOPC), si_addr: 0x00007fff82cfe2ea

Registers:
RAX=0x0000000000000000, RBX=0x00007ff4a9a832a0, RCX=0x0000000000000000, RDX=0x00007fff717241e0
RSP=0x000000018a16f718, RBP=0x000000018a16f800, RSI=0x0000010000000100, RDI=0x0000000000000103
R8 =0x000000018a16f6c0, R9 =0x00000000ffff0000, R10=0x0000000000000010, R11=0x00000000000002e0
R12=0x00007fff71671070, R13=0x00007fff7172de80, R14=0x00007fff7172f828, R15=0x00007ff4a4caa5f8
RIP=0x00007fff82cfe2ea, EFLAGS=0x0000000000010206, ERR=0x0000000000000000
  TRAPNO=0x0000000000000006

Top of Stack: (sp=0x000000018a16f718)
0x000000018a16f718:   00007fff82cfe42a 00007fff73999258
0x000000018a16f728:   00007ff4a9a832a0 00007fff8d60d36f
0x000000018a16f738:   00007fff8d60d36f 0000000000000054
0x000000018a16f748:   00007ff4a9a832a0 4014000000000000
0x000000018a16f758:   0000000000000000 000000018a16f7c0
0x000000018a16f768:   00007fff82d01da1 00007fff7172f810
0x000000018a16f778:   00007fff71671070 000000018a16f7e0
0x000000018a16f788:   00007ff4a4caa5f8 000000018a16f7c0
0x000000018a16f798:   00007fff8d60d36f 00007fff8d60d36f
0x000000018a16f7a8:   0000000000000000 00007fff733882c8
0x000000018a16f7b8:   00007ff4a4caa5f8 000000018a16f800
0x000000018a16f7c8:   00007fff82d035ad 00007ff4a9a83360
0x000000018a16f7d8:   00007ff4a9a83500 0000003000000018
0x000000018a16f7e8:   000000018a16f810 000000018a16f720
0x000000018a16f7f8:   00007ff4a4caa5f8 000000018a16f870
0x000000018a16f808:   00007fff82cf5c87 4014000000000000
0x000000018a16f818:   4033000000000000 0000000000000000
0x000000018a16f828:   0000000000000039 000000018a16f870
0x000000018a16f838:   00007fff89f4edd2 2d00946444316a21
0x000000018a16f848:   00007fff7172de80 0000000000000000
0x000000018a16f858:   00007fff7172de80 00007ff4a4caa5f8
0x000000018a16f868:   00007fff7172f800 000000018a16f8d0
0x000000018a16f878:   00007fff82cf5ac7 0000000000001990
0x000000018a16f888:   00007ff4a9a832a0 0000000000001980
0x000000018a16f898:   00007ff4a4caa5f8 0000000000000000
0x000000018a16f8a8:   0000000000000000 0000000000000000
0x000000018a16f8b8:   0000001300000012 00007ff4a9a832a0
0x000000018a16f8c8:   00007ff4a4caa5c0 000000018a16f9b0
0x000000018a16f8d8:   00007fff8d5a483a 0000000000001001
0x000000018a16f8e8:   000000010bca8400 4014000000000000
0x000000018a16f8f8:   00007fff9026464c 000000008a16f9e0
0x000000018a16f908:   000000010bca4000 0000000000000001 

Instructions: (pc=0x00007fff82cfe2ea)
0x00007fff82cfe2ca:   c0 44 89 f2 e8 1f 08 01 00 48 8b 7d e0 e8 30 cc
0x00007fff82cfe2da:   ff ff 48 8b 7d e0 e8 d3 15 ff ff e8 00 00 00 00
0x00007fff82cfe2ea:   0f 0b 55 48 89 e5 48 81 ec d0 00 00 00 84 c0 74
0x00007fff82cfe2fa:   26 0f 29 85 60 ff ff ff 0f 29 8d 70 ff ff ff 0f 

Register to memory mapping:

RAX=0x0000000000000000 is an unknown value
RBX=0x00007ff4a9a832a0 is an unknown value
RCX=0x0000000000000000 is an unknown value
RDX=0x00007fff717241e0: _ZZL14_objc_crashlogPKcE13crashlog_lock+0x20 in /usr/lib/libobjc.A.dylib at 0x00007fff82cec000
RSP=0x000000018a16f718 is pointing into the stack for thread: 0x00007ff4a52ad000
RBP=0x000000018a16f800 is pointing into the stack for thread: 0x00007ff4a52ad000
RSI=0x0000010000000100 is an unknown value
RDI=0x0000000000000103 is an unknown value
R8 =0x000000018a16f6c0 is pointing into the stack for thread: 0x00007ff4a52ad000
R9 =0x00000000ffff0000 is an unknown value
R10=0x0000000000000010 is an unknown value
R11=0x00000000000002e0 is an unknown value
R12=0x00007fff71671070: __stack_chk_guard+0 in /usr/lib/system/libsystem_c.dylib at 0x00007fff82567000
R13=0x00007fff7172de80: _ZN12_GLOBAL__N_19SideTable9table_bufE+0 in /usr/lib/libobjc.A.dylib at 0x00007fff82cec000
R14=0x00007fff7172f828: _ZN12_GLOBAL__N_19SideTable9table_bufE+0x19a8 in /usr/lib/libobjc.A.dylib at 0x00007fff82cec000
R15=0x00007ff4a4caa5f8 is an unknown value


Stack: [0x000000018a076000,0x000000018a176000],  sp=0x000000018a16f718,  free space=997k
Native frames: (J=compiled Java code, j=interpreted, Vv=VM code, C=native code)
C  [libobjc.A.dylib+0x122ea]  _ZL10_objc_trapv+0x0
C  [libobjc.A.dylib+0x9c87]  class_getMethodImplementation+0x0
C  [libobjc.A.dylib+0x9ac7]  objc_storeWeak+0xe9
C  [CoreUI+0xb683a]  csiCompressImageProviderCopyImageBlockSetWithOptions+0x3f0
C  [CoreGraphics+0x36e98]  img_blocks_create+0x23e
C  [CoreGraphics+0x25992]  img_data_lock+0x819
C  [CoreGraphics+0x241f6]  CGSImageDataLock+0x97
C  [libRIP.A.dylib+0xda02]  ripc_AcquireImage+0x38a
C  [libRIP.A.dylib+0x16e67]  ripc_DrawImages+0x1be5
C  [CoreGraphics+0x6e5c7]  CGContextDrawImages+0xd2
C  [CoreUI+0x99667]  DrawThreePartImageWithOperation+0xa00
C  [CoreUI+0x98c58]  DrawThreePartElementFromRenditionWithOperation+0xe9
C  [CoreUI+0xa0ac8]  -[CUIThemeFacet _drawSpecificRenditionKey:rendition:inFrame:context:alpha:operation:isFocused:isFlipped:]+0x11f
C  [CoreUI+0xa08bb]  -[CUIThemeFacet _drawSpecificRenditionKey:inFrame:context:isFocused:isFlipped:]+0xa3
C  [CoreUI+0x9ec98]  -[CUIThemeFacet drawInFrame:isFocused:context:]+0x89
C  [CoreUI+0x3995f]  _ZN20CUICoreThemeRenderer15DrawProgressBarEPK13CUIDescriptor+0x31d
C  [CoreUI+0x35ea9]  _ZN20CUICoreThemeRenderer4DrawEPK13CUIDescriptor17CGAffineTransformR13CUIReturnInfo+0x195
C  [CoreUI+0x9391]  _ZN11CUIRenderer4DrawE6CGRectP9CGContextPK14__CFDictionaryPS5_+0x8e3
C  [CoreUI+0x45d6e]  CUIDraw+0xd9
C  [JavaRuntimeSupport+0x3cec]  -[_JRSYosemiteAndLaterRenderer draw:inContext:withBounds:]+0x144
C  [JavaRuntimeSupport+0x3866]  JRSUIControlDraw+0x3d
C  [libosxui.dylib+0x2628]  doPaintImage+0x15e
C  [libosxui.dylib+0x279c]  Java_apple_laf_JRSUIControl_paintImage+0x27
J 2573  apple.laf.JRSUIControl.paintImage([IIIJJJDDDD)I (0 bytes) @ 0x000000010de35ca6 [0x000000010de35b80+0x126]
J 2884 C2 com.apple.laf.AquaPainter$AquaSingleImagePainter.createImage(IIIILjava/awt/Rectangle;Lapple/laf/JRSUIControl;Lapple/laf/JRSUIState;)Ljava/awt/Image; (85 bytes) @ 0x000000010dfa16c8 [0x000000010dfa1480+0x248]
J 2644 C2 sun.awt.image.MultiResolutionCachedImage.getResolutionVariant(II)Ljava/awt/Image; (71 bytes) @ 0x000000010de83d14 [0x000000010de83940+0x3d4]
J 2770 C2 sun.java2d.SunGraphics2D.drawImage(Ljava/awt/Image;IIIILjava/awt/image/ImageObserver;)Z (15 bytes) @ 0x000000010daf0940 [0x000000010daf08c0+0x80]
J 2881 C2 com.apple.laf.AquaPainter.paint(Ljava/awt/Graphics;Ljava/awt/Component;IIII)V (50 bytes) @ 0x000000010df9b5f4 [0x000000010df9ae20+0x7d4]
J 3288 C2 com.apple.laf.AquaProgressBarUI.paint(Ljava/awt/Graphics;Ljavax/swing/JComponent;)V (196 bytes) @ 0x000000010de4020c [0x000000010de3fc40+0x5cc]
J 2689 C2 javax.swing.plaf.ComponentUI.update(Ljava/awt/Graphics;Ljavax/swing/JComponent;)V (36 bytes) @ 0x000000010ded6734 [0x000000010ded66c0+0x74]
J 2654 C2 javax.swing.JComponent.paintComponent(Ljava/awt/Graphics;)V (44 bytes) @ 0x000000010de80990 [0x000000010de80780+0x210]
J 2649 C2 javax.swing.JComponent.paint(Ljava/awt/Graphics;)V (409 bytes) @ 0x000000010de882a8 [0x000000010de879c0+0x8e8]
J 2623 C2 javax.swing.JComponent.paintChildren(Ljava/awt/Graphics;)V (669 bytes) @ 0x000000010de71830 [0x000000010de70fe0+0x850]
J 2649 C2 javax.swing.JComponent.paint(Ljava/awt/Graphics;)V (409 bytes) @ 0x000000010de882d4 [0x000000010de879c0+0x914]
J 2623 C2 javax.swing.JComponent.paintChildren(Ljava/awt/Graphics;)V (669 bytes) @ 0x000000010de71830 [0x000000010de70fe0+0x850]
J 2649 C2 javax.swing.JComponent.paint(Ljava/awt/Graphics;)V (409 bytes) @ 0x000000010de882d4 [0x000000010de879c0+0x914]
J 3728 C2 javax.swing.JComponent.paintToOffscreen(Ljava/awt/Graphics;IIIIII)V (108 bytes) @ 0x000000010e051cdc [0x000000010e051c40+0x9c]
J 3733 C2 javax.swing.RepaintManager$PaintManager.paintDoubleBuffered(Ljavax/swing/JComponent;Ljava/awt/Image;Ljava/awt/Graphics;IIII)V (294 bytes) @ 0x000000010de97e50 [0x000000010de973c0+0xa90]
J 3736 C2 javax.swing.JComponent._paintImmediately(IIII)V (891 bytes) @ 0x000000010e0cce28 [0x000000010e0cbf60+0xec8]
J 2784 C2 javax.swing.JComponent.paintImmediately(IIII)V (155 bytes) @ 0x000000010daea0c4 [0x000000010dae9e60+0x264]
J 2831 C2 javax.swing.RepaintManager$4.run()Ljava/lang/Object; (5 bytes) @ 0x000000010df72c00 [0x000000010df72a00+0x200]
v  ~StubRoutines::call_stub
V  [libjvm.dylib+0x2ea59a]
V  [libjvm.dylib+0x34aac4]
J 698  java.security.AccessController.doPrivileged(Ljava/security/PrivilegedAction;Ljava/security/AccessControlContext;)Ljava/lang/Object; (0 bytes) @ 0x000000010d985395 [0x000000010d9852c0+0xd5]
J 2839 C2 javax.swing.RepaintManager.paintDirtyRegions(Ljava/util/Map;)V (196 bytes) @ 0x000000010df7e340 [0x000000010df7dd80+0x5c0]
J 2849 C2 javax.swing.RepaintManager$ProcessingRunnable.run()V (41 bytes) @ 0x000000010df8cdd8 [0x000000010df8ca80+0x358]
J 3203 C2 java.awt.event.InvocationEvent.dispatch()V (69 bytes) @ 0x000000010da69d14 [0x000000010da69cc0+0x54]
J 3612 C2 java.awt.EventQueue$3.run()Ljava/lang/Object; (5 bytes) @ 0x000000010e092d74 [0x000000010e092aa0+0x2d4]
v  ~StubRoutines::call_stub
V  [libjvm.dylib+0x2ea59a]
V  [libjvm.dylib+0x34aac4]
J 698  java.security.AccessController.doPrivileged(Ljava/security/PrivilegedAction;Ljava/security/AccessControlContext;)Ljava/lang/Object; (0 bytes) @ 0x000000010d985395 [0x000000010d9852c0+0xd5]
J 2062 C2 java.awt.EventQueue.dispatchEvent(Ljava/awt/AWTEvent;)V (80 bytes) @ 0x000000010dcd199c [0x000000010dcd1360+0x63c]
J 2763 C2 java.awt.EventDispatchThread.pumpOneEventForFilters(I)V (295 bytes) @ 0x000000010dae1698 [0x000000010dae0d60+0x938]
J 3317% C2 java.awt.EventDispatchThread.pumpEventsForFilter(ILjava/awt/Conditional;Ljava/awt/EventFilter;)V (47 bytes) @ 0x000000010dd1733c [0x000000010dd17240+0xfc]
j  java.awt.EventDispatchThread.pumpEventsForHierarchy(ILjava/awt/Conditional;Ljava/awt/Component;)V+11
j  java.awt.EventDispatchThread.pumpEvents(ILjava/awt/Conditional;)V+4
j  java.awt.EventDispatchThread.pumpEvents(Ljava/awt/Conditional;)V+3
j  java.awt.EventDispatchThread.run()V+9
v  ~StubRoutines::call_stub
V  [libjvm.dylib+0x2ea59a]
V  [libjvm.dylib+0x2ead28]
V  [libjvm.dylib+0x2eaed4]
V  [libjvm.dylib+0x345451]
V  [libjvm.dylib+0x560e73]
V  [libjvm.dylib+0x56256e]
V  [libjvm.dylib+0x482fc2]
C  [libsystem_pthread.dylib+0x405a]  _pthread_body+0x83
C  [libsystem_pthread.dylib+0x3fd7]  _pthread_body+0x0
C  [libsystem_pthread.dylib+0x13ed]  thread_start+0xd
C  0x0000000000000000

Java frames: (J=compiled Java code, j=interpreted, Vv=VM code)
J 2573  apple.laf.JRSUIControl.paintImage([IIIJJJDDDD)I (0 bytes) @ 0x000000010de35be4 [0x000000010de35b80+0x64]
J 2884 C2 com.apple.laf.AquaPainter$AquaSingleImagePainter.createImage(IIIILjava/awt/Rectangle;Lapple/laf/JRSUIControl;Lapple/laf/JRSUIState;)Ljava/awt/Image; (85 bytes) @ 0x000000010dfa16c8 [0x000000010dfa1480+0x248]
J 2644 C2 sun.awt.image.MultiResolutionCachedImage.getResolutionVariant(II)Ljava/awt/Image; (71 bytes) @ 0x000000010de83d14 [0x000000010de83940+0x3d4]
J 2770 C2 sun.java2d.SunGraphics2D.drawImage(Ljava/awt/Image;IIIILjava/awt/image/ImageObserver;)Z (15 bytes) @ 0x000000010daf0940 [0x000000010daf08c0+0x80]
J 2881 C2 com.apple.laf.AquaPainter.paint(Ljava/awt/Graphics;Ljava/awt/Component;IIII)V (50 bytes) @ 0x000000010df9b5f4 [0x000000010df9ae20+0x7d4]
J 3288 C2 com.apple.laf.AquaProgressBarUI.paint(Ljava/awt/Graphics;Ljavax/swing/JComponent;)V (196 bytes) @ 0x000000010de4020c [0x000000010de3fc40+0x5cc]
J 2689 C2 javax.swing.plaf.ComponentUI.update(Ljava/awt/Graphics;Ljavax/swing/JComponent;)V (36 bytes) @ 0x000000010ded6734 [0x000000010ded66c0+0x74]
J 2654 C2 javax.swing.JComponent.paintComponent(Ljava/awt/Graphics;)V (44 bytes) @ 0x000000010de80990 [0x000000010de80780+0x210]
J 2649 C2 javax.swing.JComponent.paint(Ljava/awt/Graphics;)V (409 bytes) @ 0x000000010de882a8 [0x000000010de879c0+0x8e8]
J 2623 C2 javax.swing.JComponent.paintChildren(Ljava/awt/Graphics;)V (669 bytes) @ 0x000000010de71830 [0x000000010de70fe0+0x850]
J 2649 C2 javax.swing.JComponent.paint(Ljava/awt/Graphics;)V (409 bytes) @ 0x000000010de882d4 [0x000000010de879c0+0x914]
J 2623 C2 javax.swing.JComponent.paintChildren(Ljava/awt/Graphics;)V (669 bytes) @ 0x000000010de71830 [0x000000010de70fe0+0x850]
J 2649 C2 javax.swing.JComponent.paint(Ljava/awt/Graphics;)V (409 bytes) @ 0x000000010de882d4 [0x000000010de879c0+0x914]
J 3728 C2 javax.swing.JComponent.paintToOffscreen(Ljava/awt/Graphics;IIIIII)V (108 bytes) @ 0x000000010e051cdc [0x000000010e051c40+0x9c]
J 3733 C2 javax.swing.RepaintManager$PaintManager.paintDoubleBuffered(Ljavax/swing/JComponent;Ljava/awt/Image;Ljava/awt/Graphics;IIII)V (294 bytes) @ 0x000000010de97e50 [0x000000010de973c0+0xa90]
J 3736 C2 javax.swing.JComponent._paintImmediately(IIII)V (891 bytes) @ 0x000000010e0cce28 [0x000000010e0cbf60+0xec8]
J 2784 C2 javax.swing.JComponent.paintImmediately(IIII)V (155 bytes) @ 0x000000010daea0c4 [0x000000010dae9e60+0x264]
J 2831 C2 javax.swing.RepaintManager$4.run()Ljava/lang/Object; (5 bytes) @ 0x000000010df72c00 [0x000000010df72a00+0x200]
v  ~StubRoutines::call_stub
J 698  java.security.AccessController.doPrivileged(Ljava/security/PrivilegedAction;Ljava/security/AccessControlContext;)Ljava/lang/Object; (0 bytes) @ 0x000000010d985323 [0x000000010d9852c0+0x63]
J 2839 C2 javax.swing.RepaintManager.paintDirtyRegions(Ljava/util/Map;)V (196 bytes) @ 0x000000010df7e340 [0x000000010df7dd80+0x5c0]
J 2849 C2 javax.swing.RepaintManager$ProcessingRunnable.run()V (41 bytes) @ 0x000000010df8cdd8 [0x000000010df8ca80+0x358]
J 3203 C2 java.awt.event.InvocationEvent.dispatch()V (69 bytes) @ 0x000000010da69d14 [0x000000010da69cc0+0x54]
J 3612 C2 java.awt.EventQueue$3.run()Ljava/lang/Object; (5 bytes) @ 0x000000010e092d74 [0x000000010e092aa0+0x2d4]
v  ~StubRoutines::call_stub
J 698  java.security.AccessController.doPrivileged(Ljava/security/PrivilegedAction;Ljava/security/AccessControlContext;)Ljava/lang/Object; (0 bytes) @ 0x000000010d985323 [0x000000010d9852c0+0x63]
J 2062 C2 java.awt.EventQueue.dispatchEvent(Ljava/awt/AWTEvent;)V (80 bytes) @ 0x000000010dcd199c [0x000000010dcd1360+0x63c]
J 2763 C2 java.awt.EventDispatchThread.pumpOneEventForFilters(I)V (295 bytes) @ 0x000000010dae1698 [0x000000010dae0d60+0x938]
J 3317% C2 java.awt.EventDispatchThread.pumpEventsForFilter(ILjava/awt/Conditional;Ljava/awt/EventFilter;)V (47 bytes) @ 0x000000010dd1733c [0x000000010dd17240+0xfc]
j  java.awt.EventDispatchThread.pumpEventsForHierarchy(ILjava/awt/Conditional;Ljava/awt/Component;)V+11
j  java.awt.EventDispatchThread.pumpEvents(ILjava/awt/Conditional;)V+4
j  java.awt.EventDispatchThread.pumpEvents(Ljava/awt/Conditional;)V+3
j  java.awt.EventDispatchThread.run()V+9
v  ~StubRoutines::call_stub

---------------  P R O C E S S  ---------------

Java Threads: ( => current thread )
  0x00007ff4a5073000 JavaThread "Direct Clip" daemon [_thread_blocked, id=76335, stack(0x0000000194322000,0x0000000194422000)]
  0x00007ff4a2553800 JavaThread "Thread-61" [_thread_in_vm, id=67887, stack(0x00000001932ca000,0x00000001933ca000)]
  0x00007ff4a50d6000 JavaThread "TimerQueue" daemon [_thread_blocked, id=14175, stack(0x0000000170c1f000,0x0000000170d1f000)]
  0x00007ff4a602b000 JavaThread "DestroyJavaVM" [_thread_blocked, id=4867, stack(0x000000010d590000,0x000000010d690000)]
  0x00007ff4a5865800 JavaThread "Java Sound Event Dispatcher" daemon [_thread_blocked, id=65359, stack(0x000000018a4d5000,0x000000018a5d5000)]
=>0x00007ff4a52ad000 JavaThread "AWT-EventQueue-0" [_thread_in_native, id=52251, stack(0x000000018a076000,0x000000018a176000)]
  0x00007ff4a5802000 JavaThread "AWT-Shutdown" [_thread_blocked, id=52511, stack(0x0000000189f73000,0x000000018a073000)]
  0x00007ff4a1230000 JavaThread "Java2D Disposer" daemon [_thread_blocked, id=49679, stack(0x0000000128a67000,0x0000000128b67000)]
  0x00007ff4a20c1000 JavaThread "Java2D Queue Flusher" daemon [_thread_blocked, id=48403, stack(0x0000000127a95000,0x0000000127b95000)]
  0x00007ff4a2959800 JavaThread "AppKit Thread" daemon [_thread_in_native, id=1811, stack(0x00007fff53777000,0x00007fff53f77000)]
  0x00007ff4a181a000 JavaThread "Service Thread" daemon [_thread_blocked, id=18179, stack(0x0000000122ece000,0x0000000122fce000)]
  0x00007ff4a1811000 JavaThread "C1 CompilerThread2" daemon [_thread_blocked, id=17667, stack(0x0000000122dcb000,0x0000000122ecb000)]
  0x00007ff4a1810000 JavaThread "C2 CompilerThread1" daemon [_thread_blocked, id=17155, stack(0x0000000122cc8000,0x0000000122dc8000)]
  0x00007ff4a180e800 JavaThread "C2 CompilerThread0" daemon [_thread_blocked, id=16643, stack(0x0000000122bc5000,0x0000000122cc5000)]
  0x00007ff4a1808000 JavaThread "Signal Dispatcher" daemon [_thread_blocked, id=13331, stack(0x0000000122ac2000,0x0000000122bc2000)]
  0x00007ff4a1806000 JavaThread "Finalizer" daemon [_thread_blocked, id=11523, stack(0x000000012109e000,0x000000012119e000)]
  0x00007ff4a1009000 JavaThread "Reference Handler" daemon [_thread_blocked, id=11011, stack(0x0000000120f9b000,0x000000012109b000)]

Other Threads:
  0x00007ff4a285e800 VMThread [stack: 0x0000000120e98000,0x0000000120f98000] [id=10499]
  0x00007ff4a283b800 WatcherThread [stack: 0x0000000122fd1000,0x00000001230d1000] [id=18691]

VM state:not at safepoint (normal execution)

VM Mutex/Monitor currently owned by a thread: None

Heap:
 PSYoungGen      total 27648K, used 17441K [0x00000007aab00000, 0x00000007acf00000, 0x00000007c0000000)
  eden space 18432K, 47% used [0x00000007aab00000,0x00000007ab3a0ba0,0x00000007abd00000)
  from space 9216K, 93% used [0x00000007ac600000,0x00000007ace67a60,0x00000007acf00000)
  to   space 9216K, 0% used [0x00000007abd00000,0x00000007abd00000,0x00000007ac600000)
 ParOldGen       total 380416K, used 370899K [0x0000000780000000, 0x0000000797380000, 0x00000007aab00000)
  object space 380416K, 97% used [0x0000000780000000,0x0000000796a34e28,0x0000000797380000)
 Metaspace       used 14981K, capacity 15288K, committed 15616K, reserved 1062912K
  class space    used 1857K, capacity 1952K, committed 2048K, reserved 1048576K

Card table byte_map: [0x000000011ca52000,0x000000011cc53000] byte_map_base: 0x0000000118e52000

Marking Bits: (ParMarkBitMap*) 0x000000010cee3ea0
 Begin Bits: [0x000000011d1b5000, 0x000000011e1b5000)
 End Bits:   [0x000000011e1b5000, 0x000000011f1b5000)

Polling page: 0x000000010bde2000

CodeCache: size=245760Kb used=10518Kb max_used=10521Kb free=235241Kb
 bounds [0x000000010d692000, 0x000000010e0f2000, 0x000000011c692000]
 total_blobs=3637 nmethods=3092 adapters=456
 compilation: enabled

Compilation events (10 events):
Event: 3490.601 Thread 0x00007ff4a1811000 3815       1       com.apple.laf.AquaComboBoxRendererInternal::paintBorder (1 bytes)
Event: 3490.601 Thread 0x00007ff4a1811000 nmethod 3815 0x000000010e0d9250 code [0x000000010e0d93a0, 0x000000010e0d94b0]
Event: 3491.198 Thread 0x00007ff4a1811000 3816       3       com.apple.laf.AquaComboBoxRendererInternal::setDrawCheckedItem (6 bytes)
Event: 3491.198 Thread 0x00007ff4a1811000 nmethod 3816 0x000000010e0e5bd0 code [0x000000010e0e5d20, 0x000000010e0e5e70]
Event: 3492.922 Thread 0x00007ff4a1811000 3817       3       sun.lwawt.LWWindowPeer::replaceSurfaceData (6 bytes)
Event: 3492.923 Thread 0x00007ff4a1811000 nmethod 3817 0x000000010e0e5850 code [0x000000010e0e59c0, 0x000000010e0e5b48]
Event: 3492.923 Thread 0x00007ff4a1811000 3818   !   3       sun.lwawt.LWComponentPeer::handleResize (99 bytes)
Event: 3492.924 Thread 0x00007ff4a1811000 nmethod 3818 0x000000010e0e9d90 code [0x000000010e0e9fe0, 0x000000010e0eb1d8]
Event: 3492.924 Thread 0x00007ff4a1811000 3819       3       sun.java2d.opengl.CGLGraphicsConfig::destroyBackBuffer (9 bytes)
Event: 3492.924 Thread 0x00007ff4a1811000 nmethod 3819 0x000000010e0db110 code [0x000000010e0db280, 0x000000010e0db4e8]

GC Heap History (10 events):
Event: 3505.285 GC heap before
{Heap before GC invocations=940 (full 2):
 PSYoungGen      total 27648K, used 26951K [0x00000007aab00000, 0x00000007acf00000, 0x00000007c0000000)
  eden space 18432K, 99% used [0x00000007aab00000,0x00000007abcf6730,0x00000007abd00000)
  from space 9216K, 92% used [0x00000007abd00000,0x00000007ac55b700,0x00000007ac600000)
  to   space 9216K, 0% used [0x00000007ac600000,0x00000007ac600000,0x00000007acf00000)
 ParOldGen       total 380416K, used 370763K [0x0000000780000000, 0x0000000797380000, 0x00000007aab00000)
  object space 380416K, 97% used [0x0000000780000000,0x0000000796a12e28,0x0000000797380000)
 Metaspace       used 14981K, capacity 15288K, committed 15616K, reserved 1062912K
  class space    used 1857K, capacity 1952K, committed 2048K, reserved 1048576K
Event: 3505.292 GC heap after
Heap after GC invocations=940 (full 2):
 PSYoungGen      total 27648K, used 8606K [0x00000007aab00000, 0x00000007acf00000, 0x00000007c0000000)
  eden space 18432K, 0% used [0x00000007aab00000,0x00000007aab00000,0x00000007abd00000)
  from space 9216K, 93% used [0x00000007ac600000,0x00000007ace67a60,0x00000007acf00000)
  to   space 9216K, 0% used [0x00000007abd00000,0x00000007abd00000,0x00000007ac600000)
 ParOldGen       total 380416K, used 370787K [0x0000000780000000, 0x0000000797380000, 0x00000007aab00000)
  object space 380416K, 97% used [0x0000000780000000,0x0000000796a18e28,0x0000000797380000)
 Metaspace       used 14981K, capacity 15288K, committed 15616K, reserved 1062912K
  class space    used 1857K, capacity 1952K, committed 2048K, reserved 1048576K
}
Event: 3506.940 GC heap before
{Heap before GC invocations=941 (full 2):
 PSYoungGen      total 27648K, used 27038K [0x00000007aab00000, 0x00000007acf00000, 0x00000007c0000000)
  eden space 18432K, 100% used [0x00000007aab00000,0x00000007abd00000,0x00000007abd00000)
  from space 9216K, 93% used [0x00000007ac600000,0x00000007ace67a60,0x00000007acf00000)
  to   space 9216K, 0% used [0x00000007abd00000,0x00000007abd00000,0x00000007ac600000)
 ParOldGen       total 380416K, used 370787K [0x0000000780000000, 0x0000000797380000, 0x00000007aab00000)
  object space 380416K, 97% used [0x0000000780000000,0x0000000796a18e28,0x0000000797380000)
 Metaspace       used 14981K, capacity 15288K, committed 15616K, reserved 1062912K
  class space    used 1857K, capacity 1952K, committed 2048K, reserved 1048576K
Event: 3506.947 GC heap after
Heap after GC invocations=941 (full 2):
 PSYoungGen      total 27648K, used 8557K [0x00000007aab00000, 0x00000007acf00000, 0x00000007c0000000)
  eden space 18432K, 0% used [0x00000007aab00000,0x00000007aab00000,0x00000007abd00000)
  from space 9216K, 92% used [0x00000007abd00000,0x00000007ac55b700,0x00000007ac600000)
  to   space 9216K, 0% used [0x00000007ac600000,0x00000007ac600000,0x00000007acf00000)
 ParOldGen       total 380416K, used 370811K [0x0000000780000000, 0x0000000797380000, 0x00000007aab00000)
  object space 380416K, 97% used [0x0000000780000000,0x0000000796a1ee28,0x0000000797380000)
 Metaspace       used 14981K, capacity 15288K, committed 15616K, reserved 1062912K
  class space    used 1857K, capacity 1952K, committed 2048K, reserved 1048576K
}
Event: 3508.581 GC heap before
{Heap before GC invocations=942 (full 2):
 PSYoungGen      total 27648K, used 26985K [0x00000007aab00000, 0x00000007acf00000, 0x00000007c0000000)
  eden space 18432K, 99% used [0x00000007aab00000,0x00000007abcfeed8,0x00000007abd00000)
  from space 9216K, 92% used [0x00000007abd00000,0x00000007ac55b700,0x00000007ac600000)
  to   space 9216K, 0% used [0x00000007ac600000,0x00000007ac600000,0x00000007acf00000)
 ParOldGen       total 380416K, used 370811K [0x0000000780000000, 0x0000000797380000, 0x00000007aab00000)
  object space 380416K, 97% used [0x0000000780000000,0x0000000796a1ee28,0x0000000797380000)
 Metaspace       used 14981K, capacity 15288K, committed 15616K, reserved 1062912K
  class space    used 1857K, capacity 1952K, committed 2048K, reserved 1048576K
Event: 3508.589 GC heap after
Heap after GC invocations=942 (full 2):
 PSYoungGen      total 27648K, used 8525K [0x00000007aab00000, 0x00000007acf00000, 0x00000007c0000000)
  eden space 18432K, 0% used [0x00000007aab00000,0x00000007aab00000,0x00000007abd00000)
  from space 9216K, 92% used [0x00000007ac600000,0x00000007ace53700,0x00000007acf00000)
  to   space 9216K, 0% used [0x00000007abd00000,0x00000007abd00000,0x00000007ac600000)
 ParOldGen       total 380416K, used 370843K [0x0000000780000000, 0x0000000797380000, 0x00000007aab00000)
  object space 380416K, 97% used [0x0000000780000000,0x0000000796a26e28,0x0000000797380000)
 Metaspace       used 14981K, capacity 15288K, committed 15616K, reserved 1062912K
  class space    used 1857K, capacity 1952K, committed 2048K, reserved 1048576K
}
Event: 3510.235 GC heap before
{Heap before GC invocations=943 (full 2):
 PSYoungGen      total 27648K, used 26925K [0x00000007aab00000, 0x00000007acf00000, 0x00000007c0000000)
  eden space 18432K, 99% used [0x00000007aab00000,0x00000007abcf7fa8,0x00000007abd00000)
  from space 9216K, 92% used [0x00000007ac600000,0x00000007ace53700,0x00000007acf00000)
  to   space 9216K, 0% used [0x00000007abd00000,0x00000007abd00000,0x00000007ac600000)
 ParOldGen       total 380416K, used 370843K [0x0000000780000000, 0x0000000797380000, 0x00000007aab00000)
  object space 380416K, 97% used [0x0000000780000000,0x0000000796a26e28,0x0000000797380000)
 Metaspace       used 14981K, capacity 15288K, committed 15616K, reserved 1062912K
  class space    used 1857K, capacity 1952K, committed 2048K, reserved 1048576K
Event: 3510.243 GC heap after
Heap after GC invocations=943 (full 2):
 PSYoungGen      total 27648K, used 8476K [0x00000007aab00000, 0x00000007acf00000, 0x00000007c0000000)
  eden space 18432K, 0% used [0x00000007aab00000,0x00000007aab00000,0x00000007abd00000)
  from space 9216K, 91% used [0x00000007abd00000,0x00000007ac5473a0,0x00000007ac600000)
  to   space 9216K, 0% used [0x00000007ac600000,0x00000007ac600000,0x00000007acf00000)
 ParOldGen       total 380416K, used 370875K [0x0000000780000000, 0x0000000797380000, 0x00000007aab00000)
  object space 380416K, 97% used [0x0000000780000000,0x0000000796a2ee28,0x0000000797380000)
 Metaspace       used 14981K, capacity 15288K, committed 15616K, reserved 1062912K
  class space    used 1857K, capacity 1952K, committed 2048K, reserved 1048576K
}
Event: 3511.878 GC heap before
{Heap before GC invocations=944 (full 2):
 PSYoungGen      total 27648K, used 26886K [0x00000007aab00000, 0x00000007acf00000, 0x00000007c0000000)
  eden space 18432K, 99% used [0x00000007aab00000,0x00000007abcfa638,0x00000007abd00000)
  from space 9216K, 91% used [0x00000007abd00000,0x00000007ac5473a0,0x00000007ac600000)
  to   space 9216K, 0% used [0x00000007ac600000,0x00000007ac600000,0x00000007acf00000)
 ParOldGen       total 380416K, used 370875K [0x0000000780000000, 0x0000000797380000, 0x00000007aab00000)
  object space 380416K, 97% used [0x0000000780000000,0x0000000796a2ee28,0x0000000797380000)
 Metaspace       used 14981K, capacity 15288K, committed 15616K, reserved 1062912K
  class space    used 1857K, capacity 1952K, committed 2048K, reserved 1048576K
Event: 3511.886 GC heap after
Heap after GC invocations=944 (full 2):
 PSYoungGen      total 27648K, used 8606K [0x00000007aab00000, 0x00000007acf00000, 0x00000007c0000000)
  eden space 18432K, 0% used [0x00000007aab00000,0x00000007aab00000,0x00000007abd00000)
  from space 9216K, 93% used [0x00000007ac600000,0x00000007ace67a60,0x00000007acf00000)
  to   space 9216K, 0% used [0x00000007abd00000,0x00000007abd00000,0x00000007ac600000)
 ParOldGen       total 380416K, used 370899K [0x0000000780000000, 0x0000000797380000, 0x00000007aab00000)
  object space 380416K, 97% used [0x0000000780000000,0x0000000796a34e28,0x0000000797380000)
 Metaspace       used 14981K, capacity 15288K, committed 15616K, reserved 1062912K
  class space    used 1857K, capacity 1952K, committed 2048K, reserved 1048576K
}

Deoptimization events (10 events):
Event: 2948.286 Thread 0x00007ff4a52ad000 Uncommon trap: reason=unstable_if action=reinterpret pc=0x000000010df4dda4 method=java.awt.image.PackedColorModel.createBitsArray(IIII)[I @ 2
Event: 2948.286 Thread 0x00007ff4a52ad000 Uncommon trap: reason=unstable_if action=reinterpret pc=0x000000010d8a2474 method=java.awt.image.ColorModel.<init>(I[ILjava/awt/color/ColorSpace;ZZII)V @ 77
Event: 2994.287 Thread 0x00007ff4a52ad000 Uncommon trap: reason=class_check action=maybe_recompile pc=0x000000010df45768 method=java.awt.Image.flush()V @ 11
Event: 2994.290 Thread 0x00007ff4a52ad000 Uncommon trap: reason=class_check action=maybe_recompile pc=0x000000010df45768 method=java.awt.Image.flush()V @ 11
Event: 2994.293 Thread 0x00007ff4a52ad000 Uncommon trap: reason=class_check action=maybe_recompile pc=0x000000010df45768 method=java.awt.Image.flush()V @ 11
Event: 3009.549 Thread 0x00007ff4a2959800 Uncommon trap: reason=unstable_if action=reinterpret pc=0x000000010dd7c9c4 method=sun.lwawt.macosx.NSEvent.isPopupTrigger(I)Z @ 5
Event: 3009.552 Thread 0x00007ff4a2959800 Uncommon trap: reason=unstable_if action=reinterpret pc=0x000000010dad17ec method=sun.lwawt.macosx.NSEvent.isPopupTrigger(I)Z @ 5
Event: 3052.957 Thread 0x00007ff4a2553800 Uncommon trap: reason=unstable_if action=reinterpret pc=0x000000010de92070 method=com.sun.media.sound.DirectAudioDevice$DirectDL.write([BII)I @ 172
Event: 3234.596 Thread 0x00007ff4a52ad000 Uncommon trap: reason=class_check action=maybe_recompile pc=0x000000010df234f0 method=sun.java2d.opengl.OGLBlitLoops.Blit(Lsun/java2d/SurfaceData;Lsun/java2d/SurfaceData;Ljava/awt/Composite;Lsun/java2d/pipe/Region;Ljava/awt/geom/AffineTransform;IIIIIDDDDI
Event: 3245.986 Thread 0x00007ff4a52ad000 Uncommon trap: reason=unstable_if action=reinterpret pc=0x000000010dd28640 method=java.awt.LightweightDispatcher.dispatchEvent(Ljava/awt/AWTEvent;)Z @ 40

Internal exceptions (10 events):
Event: 518.636 Thread 0x00007ff4a1806000 Exception <a 'java/lang/NullPointerException'> (0x00000007aac5f960) thrown at [/Users/java_re/workspace/8-2-build-macosx-x86_64/jdk8u71/5731/hotspot/src/share/vm/interpreter/linkResolver.cpp, line 1178]
Event: 518.636 Thread 0x00007ff4a1806000 Exception <a 'java/lang/NullPointerException'> (0x00000007aac5fb68) thrown at [/Users/java_re/workspace/8-2-build-macosx-x86_64/jdk8u71/5731/hotspot/src/share/vm/interpreter/linkResolver.cpp, line 1178]
Event: 518.636 Thread 0x00007ff4a1806000 Exception <a 'java/lang/NullPointerException'> (0x00000007aac5fd70) thrown at [/Users/java_re/workspace/8-2-build-macosx-x86_64/jdk8u71/5731/hotspot/src/share/vm/interpreter/linkResolver.cpp, line 1178]
Event: 518.636 Thread 0x00007ff4a1806000 Exception <a 'java/lang/NullPointerException'> (0x00000007aac5ff78) thrown at [/Users/java_re/workspace/8-2-build-macosx-x86_64/jdk8u71/5731/hotspot/src/share/vm/interpreter/linkResolver.cpp, line 1178]
Event: 518.636 Thread 0x00007ff4a1806000 Exception <a 'java/lang/NullPointerException'> (0x00000007aac60180) thrown at [/Users/java_re/workspace/8-2-build-macosx-x86_64/jdk8u71/5731/hotspot/src/share/vm/interpreter/linkResolver.cpp, line 1178]
Event: 743.642 Thread 0x00007ff4a1806000 Exception <a 'java/lang/NullPointerException'> (0x00000007aab8bc78) thrown at [/Users/java_re/workspace/8-2-build-macosx-x86_64/jdk8u71/5731/hotspot/src/share/vm/interpreter/linkResolver.cpp, line 1178]
Event: 2152.015 Thread 0x00007ff4a52ad000 Implicit null exception at 0x000000010dccd2ab to 0x000000010dccd791
Event: 2164.880 Thread 0x00007ff4a2959800 Exception <a 'java/lang/NullPointerException'> (0x00000007ab29e0d8) thrown at [/Users/java_re/workspace/8-2-build-macosx-x86_64/jdk8u71/5731/hotspot/src/share/vm/prims/jni.cpp, line 1318]
Event: 2949.511 Thread 0x00007ff4a1806000 Exception <a 'java/lang/NullPointerException'> (0x00000007aab5bc38) thrown at [/Users/java_re/workspace/8-2-build-macosx-x86_64/jdk8u71/5731/hotspot/src/share/vm/interpreter/linkResolver.cpp, line 1178]
Event: 3495.294 Thread 0x00007ff4a1806000 Exception <a 'java/lang/NullPointerException'> (0x00000007aab66138) thrown at [/Users/java_re/workspace/8-2-build-macosx-x86_64/jdk8u71/5731/hotspot/src/share/vm/interpreter/linkResolver.cpp, line 1178]

Events (10 events):
Event: 3505.260 Executing VM operation: ParallelGCFailedAllocation
Event: 3505.292 Executing VM operation: ParallelGCFailedAllocation done
Event: 3506.940 Executing VM operation: ParallelGCFailedAllocation
Event: 3506.947 Executing VM operation: ParallelGCFailedAllocation done
Event: 3508.581 Executing VM operation: ParallelGCFailedAllocation
Event: 3508.589 Executing VM operation: ParallelGCFailedAllocation done
Event: 3510.235 Executing VM operation: ParallelGCFailedAllocation
Event: 3510.243 Executing VM operation: ParallelGCFailedAllocation done
Event: 3511.878 Executing VM operation: ParallelGCFailedAllocation
Event: 3511.886 Executing VM operation: ParallelGCFailedAllocation done


Dynamic libraries:
0x0000000001461000 	/System/Library/Frameworks/Cocoa.framework/Versions/A/Cocoa
0x0000000001461000 	/System/Library/Frameworks/Security.framework/Versions/A/Security
0x0000000001461000 	/System/Library/Frameworks/ApplicationServices.framework/Versions/A/ApplicationServices
0x0000000001461000 	/usr/lib/libz.1.dylib
0x0000000001461000 	/usr/lib/libSystem.B.dylib
0x0000000001461000 	/usr/lib/libobjc.A.dylib
0x0000000001461000 	/System/Library/Frameworks/CoreFoundation.framework/Versions/A/CoreFoundation
0x0000000001461000 	/System/Library/Frameworks/Foundation.framework/Versions/C/Foundation
0x0000000001461000 	/System/Library/Frameworks/AppKit.framework/Versions/C/AppKit
0x0000000001461000 	/System/Library/Frameworks/CoreData.framework/Versions/A/CoreData
0x0000000001461000 	/System/Library/PrivateFrameworks/RemoteViewServices.framework/Versions/A/RemoteViewServices
0x0000000001461000 	/System/Library/PrivateFrameworks/UIFoundation.framework/Versions/A/UIFoundation
0x0000000001461000 	/System/Library/Frameworks/IOSurface.framework/Versions/A/IOSurface
0x0000000001461000 	/System/Library/Frameworks/AudioToolbox.framework/Versions/A/AudioToolbox
0x0000000001461000 	/System/Library/Frameworks/AudioUnit.framework/Versions/A/AudioUnit
0x0000000001461000 	/System/Library/PrivateFrameworks/DataDetectorsCore.framework/Versions/A/DataDetectorsCore
0x0000000001461000 	/System/Library/PrivateFrameworks/DesktopServicesPriv.framework/Versions/A/DesktopServicesPriv
0x0000000001461000 	/System/Library/Frameworks/Carbon.framework/Versions/A/Frameworks/HIToolbox.framework/Versions/A/HIToolbox
0x0000000001461000 	/System/Library/Frameworks/QuartzCore.framework/Versions/A/QuartzCore
0x0000000001461000 	/System/Library/Frameworks/Carbon.framework/Versions/A/Frameworks/SpeechRecognition.framework/Versions/A/SpeechRecognition
0x0000000001461000 	/usr/lib/libauto.dylib
0x0000000001461000 	/usr/lib/libicucore.A.dylib
0x0000000001461000 	/usr/lib/libxml2.2.dylib
0x0000000001461000 	/System/Library/PrivateFrameworks/CoreUI.framework/Versions/A/CoreUI
0x0000000001461000 	/System/Library/Frameworks/CoreAudio.framework/Versions/A/CoreAudio
0x0000000001461000 	/System/Library/Frameworks/DiskArbitration.framework/Versions/A/DiskArbitration
0x0000000001461000 	/usr/lib/liblangid.dylib
0x0000000001461000 	/System/Library/PrivateFrameworks/MultitouchSupport.framework/Versions/A/MultitouchSupport
0x0000000001461000 	/System/Library/Frameworks/IOKit.framework/Versions/A/IOKit
0x0000000001461000 	/usr/lib/libDiagnosticMessagesClient.dylib
0x0000000001461000 	/System/Library/Frameworks/CoreServices.framework/Versions/A/CoreServices
0x0000000001461000 	/System/Library/PrivateFrameworks/PerformanceAnalysis.framework/Versions/A/PerformanceAnalysis
0x0000000001461000 	/System/Library/PrivateFrameworks/GenerationalStorage.framework/Versions/A/GenerationalStorage
0x0000000001461000 	/System/Library/Frameworks/OpenGL.framework/Versions/A/OpenGL
0x0000000001461000 	/System/Library/PrivateFrameworks/Sharing.framework/Versions/A/Sharing
0x0000000001461000 	/System/Library/Frameworks/CoreGraphics.framework/Versions/A/CoreGraphics
0x0000000001461000 	/System/Library/Frameworks/CoreText.framework/Versions/A/CoreText
0x0000000001461000 	/System/Library/Frameworks/ImageIO.framework/Versions/A/ImageIO
0x0000000001461000 	/usr/lib/libextension.dylib
0x0000000001461000 	/System/Library/PrivateFrameworks/Backup.framework/Versions/A/Backup
0x0000000001461000 	/usr/lib/libarchive.2.dylib
0x0000000001461000 	/System/Library/Frameworks/CFNetwork.framework/Versions/A/CFNetwork
0x0000000001461000 	/System/Library/Frameworks/SystemConfiguration.framework/Versions/A/SystemConfiguration
0x0000000001461000 	/usr/lib/libCRFSuite.dylib
0x0000000001461000 	/usr/lib/libc++.1.dylib
0x0000000001461000 	/usr/lib/libc++abi.dylib
0x0000000001461000 	/usr/lib/system/libcache.dylib
0x0000000001461000 	/usr/lib/system/libcommonCrypto.dylib
0x0000000001461000 	/usr/lib/system/libcompiler_rt.dylib
0x0000000001461000 	/usr/lib/system/libcopyfile.dylib
0x0000000001461000 	/usr/lib/system/libcorecrypto.dylib
0x0000000001461000 	/usr/lib/system/libdispatch.dylib
0x0000000001461000 	/usr/lib/system/libdyld.dylib
0x0000000001461000 	/usr/lib/system/libkeymgr.dylib
0x0000000001461000 	/usr/lib/system/liblaunch.dylib
0x0000000001461000 	/usr/lib/system/libmacho.dylib
0x0000000001461000 	/usr/lib/system/libquarantine.dylib
0x0000000001461000 	/usr/lib/system/libremovefile.dylib
0x0000000001461000 	/usr/lib/system/libsystem_asl.dylib
0x0000000001461000 	/usr/lib/system/libsystem_blocks.dylib
0x0000000001461000 	/usr/lib/system/libsystem_c.dylib
0x0000000001461000 	/usr/lib/system/libsystem_configuration.dylib
0x0000000001461000 	/usr/lib/system/libsystem_coreservices.dylib
0x0000000001461000 	/usr/lib/system/libsystem_coretls.dylib
0x0000000001461000 	/usr/lib/system/libsystem_dnssd.dylib
0x0000000001461000 	/usr/lib/system/libsystem_info.dylib
0x0000000001461000 	/usr/lib/system/libsystem_kernel.dylib
0x0000000001461000 	/usr/lib/system/libsystem_m.dylib
0x0000000001461000 	/usr/lib/system/libsystem_malloc.dylib
0x0000000001461000 	/usr/lib/system/libsystem_network.dylib
0x0000000001461000 	/usr/lib/system/libsystem_networkextension.dylib
0x0000000001461000 	/usr/lib/system/libsystem_notify.dylib
0x0000000001461000 	/usr/lib/system/libsystem_platform.dylib
0x0000000001461000 	/usr/lib/system/libsystem_pthread.dylib
0x0000000001461000 	/usr/lib/system/libsystem_sandbox.dylib
0x0000000001461000 	/usr/lib/system/libsystem_secinit.dylib
0x0000000001461000 	/usr/lib/system/libsystem_stats.dylib
0x0000000001461000 	/usr/lib/system/libsystem_trace.dylib
0x0000000001461000 	/usr/lib/system/libunc.dylib
0x0000000001461000 	/usr/lib/system/libunwind.dylib
0x0000000001461000 	/usr/lib/system/libxpc.dylib
0x0000000001461000 	/usr/lib/libbz2.1.0.dylib
0x0000000001461000 	/usr/lib/liblzma.5.dylib
0x0000000001461000 	/usr/lib/libbsm.0.dylib
0x0000000001461000 	/usr/lib/libsqlite3.dylib
0x0000000001461000 	/usr/lib/system/libkxld.dylib
0x0000000001461000 	/usr/lib/libxar.1.dylib
0x0000000001461000 	/usr/lib/libpam.2.dylib
0x0000000001461000 	/usr/lib/libOpenScriptingUtil.dylib
0x0000000001461000 	/System/Library/Frameworks/CoreServices.framework/Versions/A/Frameworks/FSEvents.framework/Versions/A/FSEvents
0x0000000001461000 	/System/Library/Frameworks/CoreServices.framework/Versions/A/Frameworks/CarbonCore.framework/Versions/A/CarbonCore
0x0000000001461000 	/System/Library/Frameworks/CoreServices.framework/Versions/A/Frameworks/Metadata.framework/Versions/A/Metadata
0x0000000001461000 	/System/Library/Frameworks/CoreServices.framework/Versions/A/Frameworks/OSServices.framework/Versions/A/OSServices
0x0000000001461000 	/System/Library/Frameworks/CoreServices.framework/Versions/A/Frameworks/SearchKit.framework/Versions/A/SearchKit
0x0000000001461000 	/System/Library/Frameworks/CoreServices.framework/Versions/A/Frameworks/AE.framework/Versions/A/AE
0x0000000001461000 	/System/Library/Frameworks/CoreServices.framework/Versions/A/Frameworks/LaunchServices.framework/Versions/A/LaunchServices
0x0000000001461000 	/System/Library/Frameworks/CoreServices.framework/Versions/A/Frameworks/DictionaryServices.framework/Versions/A/DictionaryServices
0x0000000001461000 	/System/Library/Frameworks/NetFS.framework/Versions/A/NetFS
0x0000000001461000 	/System/Library/PrivateFrameworks/NetAuth.framework/Versions/A/NetAuth
0x0000000001461000 	/System/Library/PrivateFrameworks/login.framework/Versions/A/Frameworks/loginsupport.framework/Versions/A/loginsupport
0x0000000001461000 	/System/Library/PrivateFrameworks/TCC.framework/Versions/A/TCC
0x0000000001461000 	/usr/lib/libmecabra.dylib
0x0000000001461000 	/System/Library/Frameworks/ApplicationServices.framework/Versions/A/Frameworks/ATS.framework/Versions/A/ATS
0x0000000001461000 	/System/Library/Frameworks/ApplicationServices.framework/Versions/A/Frameworks/ColorSync.framework/Versions/A/ColorSync
0x0000000001461000 	/System/Library/Frameworks/ApplicationServices.framework/Versions/A/Frameworks/HIServices.framework/Versions/A/HIServices
0x0000000001461000 	/System/Library/Frameworks/ApplicationServices.framework/Versions/A/Frameworks/LangAnalysis.framework/Versions/A/LangAnalysis
0x0000000001461000 	/System/Library/Frameworks/ApplicationServices.framework/Versions/A/Frameworks/PrintCore.framework/Versions/A/PrintCore
0x0000000001461000 	/System/Library/Frameworks/ApplicationServices.framework/Versions/A/Frameworks/QD.framework/Versions/A/QD
0x0000000001461000 	/System/Library/Frameworks/ApplicationServices.framework/Versions/A/Frameworks/SpeechSynthesis.framework/Versions/A/SpeechSynthesis
0x0000000001461000 	/System/Library/Frameworks/Accelerate.framework/Versions/A/Accelerate
0x0000000001461000 	/System/Library/Frameworks/Accelerate.framework/Versions/A/Frameworks/vImage.framework/Versions/A/vImage
0x0000000001461000 	/System/Library/Frameworks/Accelerate.framework/Versions/A/Frameworks/vecLib.framework/Versions/A/vecLib
0x0000000001461000 	/System/Library/Frameworks/Accelerate.framework/Versions/A/Frameworks/vecLib.framework/Versions/A/libvDSP.dylib
0x0000000001461000 	/System/Library/Frameworks/Accelerate.framework/Versions/A/Frameworks/vecLib.framework/Versions/A/libvMisc.dylib
0x0000000001461000 	/System/Library/Frameworks/Accelerate.framework/Versions/A/Frameworks/vecLib.framework/Versions/A/libLAPACK.dylib
0x0000000001461000 	/System/Library/Frameworks/Accelerate.framework/Versions/A/Frameworks/vecLib.framework/Versions/A/libBLAS.dylib
0x0000000001461000 	/System/Library/Frameworks/Accelerate.framework/Versions/A/Frameworks/vecLib.framework/Versions/A/libLinearAlgebra.dylib
0x0000000001461000 	/System/Library/Frameworks/ApplicationServices.framework/Versions/A/Frameworks/ATS.framework/Versions/A/Resources/libFontParser.dylib
0x0000000001461000 	/System/Library/Frameworks/ApplicationServices.framework/Versions/A/Frameworks/ATS.framework/Versions/A/Resources/libFontRegistry.dylib
0x0000000001461000 	/System/Library/PrivateFrameworks/AppleVPA.framework/Versions/A/AppleVPA
0x0000000001461000 	/System/Library/PrivateFrameworks/AppleJPEG.framework/Versions/A/AppleJPEG
0x0000000001461000 	/System/Library/Frameworks/ImageIO.framework/Versions/A/Resources/libJPEG.dylib
0x0000000001461000 	/System/Library/Frameworks/ImageIO.framework/Versions/A/Resources/libTIFF.dylib
0x0000000001461000 	/System/Library/Frameworks/ImageIO.framework/Versions/A/Resources/libPng.dylib
0x0000000001461000 	/System/Library/Frameworks/ImageIO.framework/Versions/A/Resources/libGIF.dylib
0x0000000001461000 	/System/Library/Frameworks/ImageIO.framework/Versions/A/Resources/libJP2.dylib
0x0000000001461000 	/System/Library/Frameworks/ImageIO.framework/Versions/A/Resources/libRadiance.dylib
0x0000000001461000 	/System/Library/Frameworks/CoreVideo.framework/Versions/A/CoreVideo
0x0000000001461000 	/System/Library/Frameworks/OpenGL.framework/Versions/A/Libraries/libGLU.dylib
0x0000000001461000 	/System/Library/Frameworks/OpenGL.framework/Versions/A/Libraries/libGFXShared.dylib
0x0000000001461000 	/System/Library/Frameworks/OpenGL.framework/Versions/A/Libraries/libGL.dylib
0x0000000001461000 	/System/Library/Frameworks/OpenGL.framework/Versions/A/Libraries/libGLImage.dylib
0x0000000001461000 	/System/Library/Frameworks/OpenGL.framework/Versions/A/Libraries/libCVMSPluginSupport.dylib
0x0000000001461000 	/System/Library/Frameworks/OpenGL.framework/Versions/A/Libraries/libCoreVMClient.dylib
0x0000000001461000 	/usr/lib/libcups.2.dylib
0x0000000001461000 	/System/Library/Frameworks/Kerberos.framework/Versions/A/Kerberos
0x0000000001461000 	/System/Library/Frameworks/GSS.framework/Versions/A/GSS
0x0000000001461000 	/usr/lib/libresolv.9.dylib
0x0000000001461000 	/usr/lib/libiconv.2.dylib
0x0000000001461000 	/System/Library/PrivateFrameworks/Heimdal.framework/Versions/A/Heimdal
0x0000000001461000 	/usr/lib/libheimdal-asn1.dylib
0x0000000001461000 	/System/Library/Frameworks/OpenDirectory.framework/Versions/A/OpenDirectory
0x0000000001461000 	/System/Library/PrivateFrameworks/CommonAuth.framework/Versions/A/CommonAuth
0x0000000001461000 	/System/Library/Frameworks/OpenDirectory.framework/Versions/A/Frameworks/CFOpenDirectory.framework/Versions/A/CFOpenDirectory
0x0000000001461000 	/System/Library/Frameworks/SecurityFoundation.framework/Versions/A/SecurityFoundation
0x0000000001461000 	/System/Library/PrivateFrameworks/LanguageModeling.framework/Versions/A/LanguageModeling
0x0000000001461000 	/usr/lib/libcmph.dylib
0x0000000001461000 	/System/Library/Frameworks/ServiceManagement.framework/Versions/A/ServiceManagement
0x0000000001461000 	/usr/lib/libxslt.1.dylib
0x0000000001461000 	/System/Library/Frameworks/Carbon.framework/Versions/A/Frameworks/Ink.framework/Versions/A/Ink
0x0000000001461000 	/System/Library/Frameworks/QuartzCore.framework/Versions/A/Frameworks/CoreImage.framework/Versions/A/CoreImage
0x0000000001461000 	/System/Library/PrivateFrameworks/CrashReporterSupport.framework/Versions/A/CrashReporterSupport
0x0000000001461000 	/System/Library/Frameworks/OpenCL.framework/Versions/A/OpenCL
0x0000000001461000 	/System/Library/PrivateFrameworks/FaceCore.framework/Versions/A/FaceCore
0x0000000001461000 	/System/Library/PrivateFrameworks/Ubiquity.framework/Versions/A/Ubiquity
0x0000000001461000 	/System/Library/PrivateFrameworks/IconServices.framework/Versions/A/IconServices
0x0000000001461000 	/System/Library/PrivateFrameworks/ChunkingLibrary.framework/Versions/A/ChunkingLibrary
0x0000000001461000 	/System/Library/PrivateFrameworks/Apple80211.framework/Versions/A/Apple80211
0x0000000001461000 	/System/Library/Frameworks/CoreWLAN.framework/Versions/A/CoreWLAN
0x0000000001461000 	/System/Library/Frameworks/IOBluetooth.framework/Versions/A/IOBluetooth
0x0000000001461000 	/System/Library/PrivateFrameworks/CoreWiFi.framework/Versions/A/CoreWiFi
0x0000000001461000 	/System/Library/Frameworks/CoreBluetooth.framework/Versions/A/CoreBluetooth
0x0000000001461000 	/System/Library/PrivateFrameworks/DebugSymbols.framework/Versions/A/DebugSymbols
0x0000000001461000 	/System/Library/PrivateFrameworks/CoreSymbolication.framework/Versions/A/CoreSymbolication
0x0000000001461000 	/System/Library/PrivateFrameworks/Symbolication.framework/Versions/A/Symbolication
0x0000000001461000 	/System/Library/PrivateFrameworks/SpeechRecognitionCore.framework/Versions/A/SpeechRecognitionCore
0x000000010c600000 	/Library/Java/JavaVirtualMachines/jdk1.8.0_71.jdk/Contents/Home/jre/lib/server/libjvm.dylib
0x0000000001461000 	/usr/lib/libstdc++.6.dylib
0x000000010bd9f000 	/Library/Java/JavaVirtualMachines/jdk1.8.0_71.jdk/Contents/Home/jre/lib/libverify.dylib
0x000000010bdad000 	/Library/Java/JavaVirtualMachines/jdk1.8.0_71.jdk/Contents/Home/jre/lib/libjava.dylib
0x000000010bdec000 	/Library/Java/JavaVirtualMachines/jdk1.8.0_71.jdk/Contents/Home/jre/lib/libzip.dylib
0x00000001211a0000 	/System/Library/Frameworks/JavaVM.framework/Frameworks/JavaRuntimeSupport.framework/JavaRuntimeSupport
0x00000001211bb000 	/System/Library/Frameworks/JavaVM.framework/Versions/A/Frameworks/JavaNativeFoundation.framework/Versions/A/JavaNativeFoundation
0x00000001211d0000 	/System/Library/Frameworks/JavaVM.framework/Versions/A/JavaVM
0x0000000001461000 	/System/Library/Frameworks/Carbon.framework/Versions/A/Carbon
0x00000001211dd000 	/System/Library/PrivateFrameworks/JavaLaunching.framework/Versions/A/JavaLaunching
0x0000000001461000 	/System/Library/Frameworks/Carbon.framework/Versions/A/Frameworks/CommonPanels.framework/Versions/A/CommonPanels
0x0000000001461000 	/System/Library/Frameworks/Carbon.framework/Versions/A/Frameworks/Help.framework/Versions/A/Help
0x0000000001461000 	/System/Library/Frameworks/Carbon.framework/Versions/A/Frameworks/ImageCapture.framework/Versions/A/ImageCapture
0x0000000001461000 	/System/Library/Frameworks/Carbon.framework/Versions/A/Frameworks/OpenScripting.framework/Versions/A/OpenScripting
0x0000000001461000 	/System/Library/Frameworks/Carbon.framework/Versions/A/Frameworks/Print.framework/Versions/A/Print
0x0000000001461000 	/System/Library/Frameworks/Carbon.framework/Versions/A/Frameworks/SecurityHI.framework/Versions/A/SecurityHI
0x0000000123109000 	/Library/Java/JavaVirtualMachines/jdk1.8.0_71.jdk/Contents/Home/jre/lib/libawt.dylib
0x00000001231b1000 	/Library/Java/JavaVirtualMachines/jdk1.8.0_71.jdk/Contents/Home/jre/lib/./libmlib_image.dylib
0x000000012327d000 	/Library/Java/JavaVirtualMachines/jdk1.8.0_71.jdk/Contents/Home/jre/lib/libawt_lwawt.dylib
0x0000000123332000 	/Library/Java/JavaVirtualMachines/jdk1.8.0_71.jdk/Contents/Home/jre/lib/./libosxapp.dylib
0x0000000001461000 	/System/Library/Frameworks/ExceptionHandling.framework/Versions/A/ExceptionHandling
0x0000000001461000 	/System/Library/PrivateFrameworks/CoreServicesInternal.framework/Versions/A/CoreServicesInternal
0x0000000001461000 	/System/Library/PrivateFrameworks/CloudDocs.framework/Versions/A/CloudDocs
0x0000000001461000 	/System/Library/PrivateFrameworks/CoreDuet.framework/Versions/A/CoreDuet
0x0000000001461000 	/System/Library/Frameworks/CloudKit.framework/Versions/A/CloudKit
0x0000000001461000 	/System/Library/PrivateFrameworks/ProtocolBuffer.framework/Versions/A/ProtocolBuffer
0x0000000001461000 	/System/Library/PrivateFrameworks/CoreDuetDaemonProtocol.framework/Versions/A/CoreDuetDaemonProtocol
0x0000000001461000 	/System/Library/PrivateFrameworks/CoreDuetDebugLogging.framework/Versions/A/CoreDuetDebugLogging
0x0000000001461000 	/System/Library/PrivateFrameworks/MMCS.framework/Versions/A/MMCS
0x0000000001461000 	/System/Library/Frameworks/CoreLocation.framework/Versions/A/CoreLocation
0x0000000001461000 	/System/Library/PrivateFrameworks/ProtectedCloudStorage.framework/Versions/A/ProtectedCloudStorage
0x0000000001461000 	/System/Library/PrivateFrameworks/GeoServices.framework/Versions/A/GeoServices
0x0000000001461000 	/System/Library/Frameworks/CoreGraphics.framework/Versions/A/Resources/libCGCMS.A.dylib
0x0000000001461000 	/System/Library/Frameworks/CoreGraphics.framework/Versions/A/Resources/libRIP.A.dylib
0x0000000001461000 	/System/Library/Frameworks/CoreGraphics.framework/Versions/A/Resources/libCGXType.A.dylib
0x0000000001461000 	/System/Library/Frameworks/OpenCL.framework/Versions/A/Libraries/libcldcpuengine.dylib
0x0000000001461000 	/System/Library/PrivateFrameworks/DiskImages.framework/Versions/A/DiskImages
0x0000000001461000 	/System/Library/Frameworks/DiscRecording.framework/Versions/A/DiscRecording
0x0000000001461000 	/usr/lib/libcsfde.dylib
0x0000000001461000 	/usr/lib/libcurl.4.dylib
0x0000000001461000 	/System/Library/PrivateFrameworks/MediaKit.framework/Versions/A/MediaKit
0x0000000001461000 	/usr/lib/libCoreStorage.dylib
0x0000000001461000 	/System/Library/PrivateFrameworks/EFILogin.framework/Versions/A/EFILogin
0x0000000001461000 	/usr/lib/libutil.dylib
0x0000000001461000 	/System/Library/PrivateFrameworks/FindMyDevice.framework/Versions/A/FindMyDevice
0x0000000001461000 	/System/Library/Frameworks/LDAP.framework/Versions/A/LDAP
0x0000000001461000 	/usr/lib/libsasl2.2.dylib
0x0000000001461000 	/System/Library/PrivateFrameworks/CoreDaemon.framework/Versions/B/CoreDaemon
0x0000000001461000 	/usr/lib/libcrypto.0.9.8.dylib
0x0000000001461000 	/System/Library/PrivateFrameworks/AppleSRP.framework/Versions/A/AppleSRP
0x0000000001461000 	/System/Library/PrivateFrameworks/TrustEvaluationAgent.framework/Versions/A/TrustEvaluationAgent
0x00000001268cf000 	cl_kernels
0x00000001268d1000 	/System/Library/Frameworks/OpenCL.framework/Versions/A/Libraries/ImageFormats/unorm8_bgra.dylib
0x00000001268c0000 	cl_kernels
0x0000000001461000 	/System/Library/PrivateFrameworks/FamilyControls.framework/Versions/A/FamilyControls
0x0000000001461000 	/System/Library/PrivateFrameworks/CommerceKit.framework/Versions/A/Frameworks/CommerceCore.framework/Versions/A/CommerceCore
0x0000000001461000 	/System/Library/PrivateFrameworks/SystemAdministration.framework/Versions/A/SystemAdministration
0x0000000001461000 	/System/Library/PrivateFrameworks/AppContainer.framework/Versions/A/AppContainer
0x0000000001461000 	/System/Library/PrivateFrameworks/SecCodeWrapper.framework/Versions/A/SecCodeWrapper
0x0000000001461000 	/System/Library/Frameworks/DirectoryService.framework/Versions/A/DirectoryService
0x0000000001461000 	/System/Library/PrivateFrameworks/LoginUIKit.framework/Versions/A/Frameworks/LoginUICore.framework/Versions/A/LoginUICore
0x0000000001461000 	/usr/lib/libodfde.dylib
0x0000000001461000 	/System/Library/Frameworks/OpenGL.framework/Versions/A/Resources/GLEngine.bundle/GLEngine
0x0000000001461000 	/System/Library/Frameworks/OpenGL.framework/Versions/A/Libraries/libGLProgrammability.dylib
0x0000000127b97000 	/System/Library/Extensions/AppleIntelHD4000GraphicsGLDriver.bundle/Contents/MacOS/AppleIntelHD4000GraphicsGLDriver
0x0000000001461000 	/System/Library/PrivateFrameworks/IOAccelerator.framework/Versions/A/IOAccelerator
0x0000000001461000 	/System/Library/PrivateFrameworks/GPUSupport.framework/Versions/A/Libraries/libGPUSupportMercury.dylib
0x0000000001461000 	/System/Library/Frameworks/OpenGL.framework/Versions/A/Resources/GLRendererFloat.bundle/GLRendererFloat
0x0000000128b69000 	/Library/Java/JavaVirtualMachines/jdk1.8.0_71.jdk/Contents/Home/jre/lib/libfontmanager.dylib
0x0000000128bd0000 	/Library/Java/JavaVirtualMachines/jdk1.8.0_71.jdk/Contents/Home/jre/lib/libosxui.dylib
0x00000001297e4000 	/Library/Java/JavaVirtualMachines/jdk1.8.0_71.jdk/Contents/Home/jre/lib/libjpeg.dylib
0x000000012990c000 	/Library/Java/JavaVirtualMachines/jdk1.8.0_71.jdk/Contents/Home/jre/lib/libnet.dylib
0x0000000129923000 	/Library/Java/JavaVirtualMachines/jdk1.8.0_71.jdk/Contents/Home/jre/lib/libnio.dylib
0x0000000001461000 	/System/Library/Frameworks/ApplicationServices.framework/Versions/A/Frameworks/ATS.framework/Versions/A/Resources/libTrueTypeScaler.dylib
0x000000018a8d7000 	/Library/Java/JavaVirtualMachines/jdk1.8.0_71.jdk/Contents/Home/jre/lib/libjsound.dylib
0x000000018a8ea000 	/System/Library/Frameworks/CoreMIDI.framework/Versions/A/CoreMIDI
0x0000000001461000 	/usr/lib/libexpat.1.dylib
0x000000018a948000 	/System/Library/Extensions/AppleHDA.kext/Contents/PlugIns/AppleHDAHALPlugIn.bundle/Contents/MacOS/AppleHDAHALPlugIn
0x0000000192a2d000 	/System/Library/Components/CoreAudio.component/Contents/MacOS/CoreAudio
0x0000000001461000 	/System/Library/Frameworks/Accelerate.framework/Versions/A/Frameworks/vImage.framework/Versions/A/Libraries/libCGInterfaces.dylib
0x000000019e39d000 	/Library/Java/JavaVirtualMachines/jdk1.8.0_71.jdk/Contents/Home/jre/lib/libdcpr.dylib
0x000000018dcca000 	/System/Library/PrivateFrameworks/Lookup.framework/Lookup
0x0000000001461000 	/System/Library/PrivateFrameworks/ViewBridge.framework/Versions/A/ViewBridge
0x0000000001461000 	/usr/lib/libScreenReader.dylib
0x0000000001461000 	/System/Library/Frameworks/Quartz.framework/Versions/A/Quartz
0x0000000001461000 	/System/Library/Frameworks/WebKit.framework/Versions/A/WebKit
0x0000000001461000 	/System/Library/PrivateFrameworks/DataDetectors.framework/Versions/A/DataDetectors
0x0000000001461000 	/System/Library/PrivateFrameworks/XPCService.framework/Versions/A/XPCService
0x0000000001461000 	/System/Library/PrivateFrameworks/AppSandbox.framework/Versions/A/AppSandbox
0x0000000001461000 	/usr/lib/libsandbox.1.dylib
0x0000000001461000 	/usr/lib/libMatch.1.dylib
0x0000000001461000 	/System/Library/Frameworks/Quartz.framework/Versions/A/Frameworks/QuartzComposer.framework/Versions/A/QuartzComposer
0x0000000001461000 	/System/Library/Frameworks/Quartz.framework/Versions/A/Frameworks/PDFKit.framework/Versions/A/PDFKit
0x0000000001461000 	/System/Library/Frameworks/Quartz.framework/Versions/A/Frameworks/QuartzFilters.framework/Versions/A/QuartzFilters
0x0000000001461000 	/System/Library/Frameworks/Quartz.framework/Versions/A/Frameworks/ImageKit.framework/Versions/A/ImageKit
0x0000000001461000 	/System/Library/Frameworks/Quartz.framework/Versions/A/Frameworks/QuickLookUI.framework/Versions/A/QuickLookUI
0x0000000001461000 	/System/Library/Frameworks/JavaScriptCore.framework/Versions/A/JavaScriptCore
0x0000000001461000 	/System/Library/Frameworks/QTKit.framework/Versions/A/QTKit
0x0000000001461000 	/System/Library/PrivateFrameworks/AppleSystemInfo.framework/Versions/A/AppleSystemInfo
0x0000000001461000 	/System/Library/Frameworks/AVFoundation.framework/Versions/A/AVFoundation
0x0000000001461000 	/System/Library/Frameworks/CoreMedia.framework/Versions/A/CoreMedia
0x0000000001461000 	/System/Library/Frameworks/MediaToolbox.framework/Versions/A/MediaToolbox
0x0000000001461000 	/System/Library/Frameworks/VideoToolbox.framework/Versions/A/VideoToolbox
0x0000000001461000 	/System/Library/PrivateFrameworks/CoreMediaAuthoring.framework/Versions/A/CoreMediaAuthoring
0x0000000001461000 	/System/Library/Frameworks/CoreMediaIO.framework/Versions/A/CoreMediaIO
0x0000000001461000 	/System/Library/Frameworks/AVFoundation.framework/Versions/A/Resources/libAVFAudio.dylib
0x0000000001461000 	/System/Library/PrivateFrameworks/MediaControlSender.framework/Versions/A/MediaControlSender
0x0000000001461000 	/System/Library/PrivateFrameworks/CoreAVCHD.framework/Versions/A/CoreAVCHD
0x0000000001461000 	/System/Library/Frameworks/MediaAccessibility.framework/Versions/A/MediaAccessibility
0x0000000001461000 	/System/Library/PrivateFrameworks/Mangrove.framework/Versions/A/Mangrove
0x0000000001461000 	/System/Library/PrivateFrameworks/CoreAUC.framework/Versions/A/CoreAUC
0x0000000001461000 	/System/Library/PrivateFrameworks/NetworkStatistics.framework/Versions/A/NetworkStatistics
0x0000000001461000 	/System/Library/PrivateFrameworks/AirPlaySupport.framework/Versions/A/AirPlaySupport
0x0000000001461000 	/System/Library/PrivateFrameworks/CoreUtils.framework/Versions/A/CoreUtils
0x0000000001461000 	/System/Library/PrivateFrameworks/AppleVA.framework/Versions/A/AppleVA
0x0000000001461000 	/System/Library/PrivateFrameworks/CorePDF.framework/Versions/A/CorePDF
0x0000000001461000 	/System/Library/Frameworks/QuickLook.framework/Versions/A/QuickLook
0x0000000001461000 	/System/Library/PrivateFrameworks/DisplayServices.framework/Versions/A/DisplayServices
0x0000000001461000 	/System/Library/Frameworks/ImageCaptureCore.framework/Versions/A/ImageCaptureCore
0x0000000001461000 	/System/Library/PrivateFrameworks/SafariServices.framework/Versions/A/SafariServices
0x0000000001461000 	/usr/lib/libspindump.dylib
0x0000000001461000 	/System/Library/Frameworks/WebKit.framework/Versions/A/Frameworks/WebKitLegacy.framework/Versions/A/WebKitLegacy
0x0000000001461000 	/System/Library/Frameworks/WebKit.framework/Versions/A/Frameworks/WebCore.framework/Versions/A/WebCore
0x0000000001461000 	/System/Library/PrivateFrameworks/IDS.framework/Versions/A/IDS
0x0000000001461000 	/System/Library/Frameworks/AddressBook.framework/Versions/A/AddressBook
0x0000000001461000 	/System/Library/PrivateFrameworks/IMFoundation.framework/Versions/A/IMFoundation
0x0000000001461000 	/System/Library/PrivateFrameworks/Marco.framework/Versions/A/Marco
0x0000000001461000 	/System/Library/PrivateFrameworks/IDSFoundation.framework/Versions/A/IDSFoundation
0x0000000001461000 	/System/Library/PrivateFrameworks/FTServices.framework/Versions/A/FTServices
0x0000000001461000 	/usr/lib/libtidy.A.dylib
0x0000000001461000 	/System/Library/PrivateFrameworks/CommonUtilities.framework/Versions/A/CommonUtilities
0x0000000001461000 	/System/Library/PrivateFrameworks/Bom.framework/Versions/A/Bom
0x0000000001461000 	/System/Library/PrivateFrameworks/AppleFSCompression.framework/Versions/A/AppleFSCompression
0x0000000001461000 	/System/Library/PrivateFrameworks/DiagnosticLogCollection.framework/Versions/A/DiagnosticLogCollection
0x0000000001461000 	/System/Library/PrivateFrameworks/IntlPreferences.framework/Versions/A/IntlPreferences
0x0000000001461000 	/System/Library/PrivateFrameworks/ToneLibrary.framework/Versions/A/ToneLibrary
0x0000000001461000 	/System/Library/PrivateFrameworks/ToneKit.framework/Versions/A/ToneKit
0x0000000001461000 	/System/Library/PrivateFrameworks/vCard.framework/Versions/A/vCard
0x0000000001461000 	/System/Library/PrivateFrameworks/ApplePushService.framework/Versions/A/ApplePushService
0x0000000001461000 	/System/Library/PrivateFrameworks/ContactsData.framework/Versions/A/ContactsData
0x0000000001461000 	/System/Library/PrivateFrameworks/ContactsFoundation.framework/Versions/A/ContactsFoundation
0x0000000001461000 	/System/Library/Frameworks/SecurityInterface.framework/Versions/A/SecurityInterface
0x0000000001461000 	/System/Library/PrivateFrameworks/PhoneNumbers.framework/Versions/A/PhoneNumbers

VM Arguments:
jvm_args: -Dfile.encoding=UTF-8 
java_command: frameA
java_class_path (initial): /Users/Lamya/Documents/College's/JAVA ll/game/bin
Launcher Type: SUN_STANDARD

Environment Variables:
PATH=/usr/bin:/bin:/usr/sbin:/sbin
SHELL=/bin/bash

Signal Handlers:
SIGSEGV: [libjvm.dylib+0x5a68c5], sa_mask[0]=11111111011111110111111111111111, sa_flags=SA_ONSTACK|SA_RESTART|SA_SIGINFO
SIGBUS: [libjvm.dylib+0x5a68c5], sa_mask[0]=11111111011111110111111111111111, sa_flags=SA_RESTART|SA_SIGINFO
SIGFPE: [libjvm.dylib+0x4805d4], sa_mask[0]=11111111011111110111111111111111, sa_flags=SA_RESTART|SA_SIGINFO
SIGPIPE: [libjvm.dylib+0x4805d4], sa_mask[0]=11111111011111110111111111111111, sa_flags=SA_RESTART|SA_SIGINFO
SIGXFSZ: [libjvm.dylib+0x4805d4], sa_mask[0]=11111111011111110111111111111111, sa_flags=SA_RESTART|SA_SIGINFO
SIGILL: [libjvm.dylib+0x4805d4], sa_mask[0]=11111111011111110111111111111111, sa_flags=SA_RESTART|SA_SIGINFO
SIGUSR1: SIG_DFL, sa_mask[0]=00000000000000000000000000000000, sa_flags=none
SIGUSR2: [libjvm.dylib+0x4800f2], sa_mask[0]=00100000000000000000000000000000, sa_flags=SA_RESTART|SA_SIGINFO
SIGHUP: [AudioToolbox+0xf933a], sa_mask[0]=00000000000000000000000000000000, sa_flags=SA_RESTART
SIGINT: [libjvm.dylib+0x47e6c9], sa_mask[0]=11111111011111110111111111111111, sa_flags=SA_RESTART|SA_SIGINFO
SIGTERM: [libjvm.dylib+0x47e6c9], sa_mask[0]=11111111011111110111111111111111, sa_flags=SA_RESTART|SA_SIGINFO
SIGQUIT: [libjvm.dylib+0x47e6c9], sa_mask[0]=11111111011111110111111111111111, sa_flags=SA_RESTART|SA_SIGINFO


---------------  S Y S T E M  ---------------

OS:Bsduname:Darwin 14.5.0 Darwin Kernel Version 14.5.0: Mon Aug 29 21:14:16 PDT 2016; root:xnu-2782.50.6~1/RELEASE_X86_64 x86_64
rlimit: STACK 8192k, CORE 0k, NPROC 709, NOFILE 10240, AS infinity
load average:2.42 2.62 2.69

CPU:total 4 (2 cores per cpu, 2 threads per core) family 6 model 58 stepping 9, cmov, cx8, fxsr, mmx, sse, sse2, sse3, ssse3, sse4.1, sse4.2, popcnt, avx, aes, clmul, erms, ht, tsc, tscinvbit, tscinv

Memory: 4k page, physical 4194304k(17672k free)

/proc/meminfo:


vm_info: Java HotSpot(TM) 64-Bit Server VM (25.71-b15) for bsd-amd64 JRE (1.8.0_71-b15), built on Dec 22 2015 15:11:44 by "java_re" with gcc 4.2.1 (Based on Apple Inc. build 5658) (LLVM build 2336.11.00)

time: Wed Dec 21 12:12:31 2016
elapsed time: 3512 seconds (0d 0h 58m 32s)

