#
# A fatal error has been detected by the Java Runtime Environment:
#
#  SIGSEGV (0xb) at pc=0x00007fff902cebdb, pid=82555, tid=72967
#
# JRE version: Java(TM) SE Runtime Environment (8.0_71-b15) (build 1.8.0_71-b15)
# Java VM: Java HotSpot(TM) 64-Bit Server VM (25.71-b15 mixed mode bsd-amd64 compressed oops)
# Problematic frame:
# C  [CoreGraphics+0x6fbdb]  blt_pattern_blend_XXXX32+0xb6
#
# Failed to write core dump. Core dumps have been disabled. To enable core dumping, try "ulimit -c unlimited" before starting Java again
#
# If you would like to submit a bug report, please visit:
#   http://bugreport.java.com/bugreport/crash.jsp
# The crash happened outside the Java Virtual Machine in native code.
# See problematic frame for where to report the bug.
#

---------------  T H R E A D  ---------------

Current thread (0x00007f94398c2800):  JavaThread "AWT-EventQueue-0" [_thread_in_native, id=72967, stack(0x000000019d2a9000,0x000000019d3a9000)]

siginfo: si_signo: 11 (SIGSEGV), si_code: 1 (SEGV_MAPERR), si_addr: 0x00000001251ad014

Registers:
RAX=0x0000000000000004, RBX=0x0000000000000000, RCX=0x0000000000000018, RDX=0x0000000000000000
RSP=0x000000019d3a2a70, RBP=0x000000019d3a2b20, RSI=0x0000000000000013, RDI=0x00000000000000f0
R8 =0x000000000000000a, R9 =0x0000000000000008, R10=0x0000000000000000, R11=0x0000000000000000
R12=0x00000000000000f0, R13=0x00000000000000fa, R14=0x00007f943f927294, R15=0x00000001251ad014
RIP=0x00007fff902cebdb, EFLAGS=0x0000000000010202, ERR=0x0000000000000004
  TRAPNO=0x000000000000000e

Top of Stack: (sp=0x000000019d3a2a70)
0x000000019d3a2a70:   0000000000000004 000000000000000a
0x000000019d3a2a80:   0000000000000013 0000000000000004
0x000000019d3a2a90:   00000000000000f0 00007fff902849e9
0x000000019d3a2aa0:   0000000000000000 0000000000000000
0x000000019d3a2ab0:   0000000000000000 0000000000000000
0x000000019d3a2ac0:   0000000000000000 0000000000000000
0x000000019d3a2ad0:   0000000000000000 0000000000000000
0x000000019d3a2ae0:   0000000000000000 0000000000000000
0x000000019d3a2af0:   8c00ad13baa19365 00000001251ad014
0x000000019d3a2b00:   00007f943ec16600 00000000000000fa
0x000000019d3a2b10:   00000001251ad014 00000000000000f0
0x000000019d3a2b20:   000000019d3a2bd0 00007fff902ce884
0x000000019d3a2b30:   00000001251ad014 0000000000000020
0x000000019d3a2b40:   0000000000000000 0000000000000000
0x000000019d3a2b50:   00007f9400000018 00007fff73971e48
0x000000019d3a2b60:   00007f943860f820 0000000000000008
0x000000019d3a2b70:   0000000000000001 0000000000000001
0x000000019d3a2b80:   00000000000000f0 0000000000000013
0x000000019d3a2b90:   00007f9400000008 000000019d3a48c0
0x000000019d3a2ba0:   0000000000000008 00000000000000fa
0x000000019d3a2bb0:   00007f943ec16600 00000000000000fa
0x000000019d3a2bc0:   00000001251ad014 00000000000000f0
0x000000019d3a2bd0:   000000019d3a3fd0 00007fff902a65ff
0x000000019d3a2be0:   00000001251ad014 0000000000000020
0x000000019d3a2bf0:   0000000000000000 0000000000000000
0x000000019d3a2c00:   0000000000000000 000000019c3c61f8
0x000000019d3a2c10:   0000000000000000 0000001300000008
0x000000019d3a2c20:   00000007c0049080 0000000782777ed8
0x000000019d3a2c30:   00000000000000fa 0000000000000001
0x000000019d3a2c40:   0000000000000000 0000000000000013
0x000000019d3a2c50:   00000001251ad014 0000000000000008
0x000000019d3a2c60:   00007f943f927294 0000000100000000 

Instructions: (pc=0x00007fff902cebdb)
0x00007fff902cebbb:   89 d2 4c 0f af 55 18 41 f6 c6 0f 4c 8b a5 70 ff
0x00007fff902cebcb:   ff ff 4c 8b 5d 20 0f 84 99 00 00 00 4b 8d 14 13
0x00007fff902cebdb:   45 8b 04 97 44 89 c0 d3 e8 25 ff 00 00 00 74 65
0x00007fff902cebeb:   3d ff 00 00 00 75 05 45 89 06 eb 59 41 8b 3e 89 

Register to memory mapping:

RAX=0x0000000000000004 is an unknown value
RBX=0x0000000000000000 is an unknown value
RCX=0x0000000000000018 is an unknown value
RDX=0x0000000000000000 is an unknown value
RSP=0x000000019d3a2a70 is pointing into the stack for thread: 0x00007f94398c2800
RBP=0x000000019d3a2b20 is pointing into the stack for thread: 0x00007f94398c2800
RSI=0x0000000000000013 is an unknown value
RDI=0x00000000000000f0 is an unknown value
R8 =0x000000000000000a is an unknown value
R9 =0x0000000000000008 is an unknown value
R10=0x0000000000000000 is an unknown value
R11=0x0000000000000000 is an unknown value
R12=0x00000000000000f0 is an unknown value
R13=0x00000000000000fa is an unknown value
R14=0x00007f943f927294 is an unknown value
R15=0x00000001251ad014 is an unknown value


Stack: [0x000000019d2a9000,0x000000019d3a9000],  sp=0x000000019d3a2a70,  free space=998k
Native frames: (J=compiled Java code, j=interpreted, Vv=VM code, C=native code)
C  [CoreGraphics+0x6fbdb]  blt_pattern_blend_XXXX32+0xb6
C  [CoreGraphics+0x6f884]  blt_bitmap_blend_AXXX32+0x5c
C  [CoreGraphics+0x475ff]  argb32_mark+0x24b9
C  [CoreGraphics+0x3356c]  argb32_image+0x92c
C  [libRIP.A.dylib+0xec9d]  ripl_Mark+0x17
C  [libRIP.A.dylib+0xec3c]  RIPLayerBltImage+0x47a
C  [libRIP.A.dylib+0xe591]  ripc_RenderImage+0x109
C  [libRIP.A.dylib+0x16eff]  ripc_DrawImages+0x1c7d
C  [CoreGraphics+0x6e5c7]  CGContextDrawImages+0xd2
C  [CoreUI+0x99667]  DrawThreePartImageWithOperation+0xa00
C  [CoreUI+0x98c58]  DrawThreePartElementFromRenditionWithOperation+0xe9
C  [CoreUI+0xa0ac8]  -[CUIThemeFacet _drawSpecificRenditionKey:rendition:inFrame:context:alpha:operation:isFocused:isFlipped:]+0x11f
C  [CoreUI+0xa08bb]  -[CUIThemeFacet _drawSpecificRenditionKey:inFrame:context:isFocused:isFlipped:]+0xa3
C  [CoreUI+0x9ec98]  -[CUIThemeFacet drawInFrame:isFocused:context:]+0x89
C  [CoreUI+0x3995f]  _ZN20CUICoreThemeRenderer15DrawProgressBarEPK13CUIDescriptor+0x31d
C  [CoreUI+0x35ea9]  _ZN20CUICoreThemeRenderer4DrawEPK13CUIDescriptor17CGAffineTransformR13CUIReturnInfo+0x195
C  [CoreUI+0x9391]  _ZN11CUIRenderer4DrawE6CGRectP9CGContextPK14__CFDictionaryPS5_+0x8e3
C  [CoreUI+0x45d6e]  CUIDraw+0xd9
C  [JavaRuntimeSupport+0x3cec]  -[_JRSYosemiteAndLaterRenderer draw:inContext:withBounds:]+0x144
C  [JavaRuntimeSupport+0x3866]  JRSUIControlDraw+0x3d
C  [libosxui.dylib+0x2628]  doPaintImage+0x15e
C  [libosxui.dylib+0x279c]  Java_apple_laf_JRSUIControl_paintImage+0x27
J 2463  apple.laf.JRSUIControl.paintImage([IIIJJJDDDD)I (0 bytes) @ 0x000000010fd076e6 [0x000000010fd075c0+0x126]
J 3312 C2 com.apple.laf.AquaPainter$AquaSingleImagePainter.createImage(IIIILjava/awt/Rectangle;Lapple/laf/JRSUIControl;Lapple/laf/JRSUIState;)Ljava/awt/Image; (85 bytes) @ 0x000000010fa28f40 [0x000000010fa28d60+0x1e0]
J 2902 C2 sun.awt.image.MultiResolutionCachedImage.getResolutionVariant(II)Ljava/awt/Image; (71 bytes) @ 0x000000010fe891d4 [0x000000010fe88e00+0x3d4]
J 3149 C2 sun.java2d.SunGraphics2D.drawImage(Ljava/awt/Image;IIIILjava/awt/image/ImageObserver;)Z (15 bytes) @ 0x000000010f97450c [0x000000010f974480+0x8c]
J 3282 C2 com.apple.laf.AquaPainter.paint(Ljava/awt/Graphics;Ljava/awt/Component;IIII)V (50 bytes) @ 0x000000010fed5ed0 [0x000000010fed5780+0x750]
J 3327 C2 com.apple.laf.AquaProgressBarUI.paint(Ljava/awt/Graphics;Ljavax/swing/JComponent;)V (196 bytes) @ 0x000000010ffc85a0 [0x000000010ffc7fe0+0x5c0]
J 2934 C2 javax.swing.plaf.ComponentUI.update(Ljava/awt/Graphics;Ljavax/swing/JComponent;)V (36 bytes) @ 0x000000010fecefb4 [0x000000010fecef40+0x74]
J 2708 C2 javax.swing.JComponent.paintComponent(Ljava/awt/Graphics;)V (44 bytes) @ 0x000000010f773150 [0x000000010f772f40+0x210]
J 2703 C2 javax.swing.JComponent.paint(Ljava/awt/Graphics;)V (409 bytes) @ 0x000000010fdce2a8 [0x000000010fdcd9c0+0x8e8]
J 2655 C2 javax.swing.JComponent.paintChildren(Ljava/awt/Graphics;)V (669 bytes) @ 0x000000010fdaba60 [0x000000010fdab220+0x840]
J 2703 C2 javax.swing.JComponent.paint(Ljava/awt/Graphics;)V (409 bytes) @ 0x000000010fdce2d4 [0x000000010fdcd9c0+0x914]
J 2655 C2 javax.swing.JComponent.paintChildren(Ljava/awt/Graphics;)V (669 bytes) @ 0x000000010fdaba60 [0x000000010fdab220+0x840]
J 2703 C2 javax.swing.JComponent.paint(Ljava/awt/Graphics;)V (409 bytes) @ 0x000000010fdce2d4 [0x000000010fdcd9c0+0x914]
J 3381 C2 javax.swing.RepaintManager$PaintManager.paintDoubleBuffered(Ljavax/swing/JComponent;Ljava/awt/Image;Ljava/awt/Graphics;IIII)V (294 bytes) @ 0x000000010fff4644 [0x000000010fff23c0+0x2284]
J 3475 C2 javax.swing.JComponent._paintImmediately(IIII)V (891 bytes) @ 0x0000000110000e50 [0x000000010ffffec0+0xf90]
J 3279 C2 javax.swing.JComponent.paintImmediately(IIII)V (155 bytes) @ 0x000000010fb2a0c4 [0x000000010fb29e60+0x264]
J 3276 C2 javax.swing.RepaintManager$4.run()Ljava/lang/Object; (5 bytes) @ 0x000000010fb2651c [0x000000010fb26320+0x1fc]
v  ~StubRoutines::call_stub
V  [libjvm.dylib+0x2ea59a]
V  [libjvm.dylib+0x34aac4]
J 713  java.security.AccessController.doPrivileged(Ljava/security/PrivilegedAction;Ljava/security/AccessControlContext;)Ljava/lang/Object; (0 bytes) @ 0x000000010f8a87d5 [0x000000010f8a8700+0xd5]
J 3256 C2 javax.swing.RepaintManager.paintDirtyRegions(Ljava/util/Map;)V (196 bytes) @ 0x000000010f96afb8 [0x000000010f96aa00+0x5b8]
J 3299 C2 javax.swing.RepaintManager$ProcessingRunnable.run()V (41 bytes) @ 0x000000010fd341ec [0x000000010fd33e80+0x36c]
J 2528 C2 java.awt.event.InvocationEvent.dispatch()V (69 bytes) @ 0x000000010fd30574 [0x000000010fd30520+0x54]
J 2108 C2 java.awt.EventQueue$3.run()Ljava/lang/Object; (5 bytes) @ 0x000000010fc520e0 [0x000000010fc51de0+0x300]
v  ~StubRoutines::call_stub
V  [libjvm.dylib+0x2ea59a]
V  [libjvm.dylib+0x34aac4]
J 713  java.security.AccessController.doPrivileged(Ljava/security/PrivilegedAction;Ljava/security/AccessControlContext;)Ljava/lang/Object; (0 bytes) @ 0x000000010f8a87d5 [0x000000010f8a8700+0xd5]
J 2106 C2 java.awt.EventQueue.dispatchEvent(Ljava/awt/AWTEvent;)V (80 bytes) @ 0x000000010fc5b4dc [0x000000010fc5aea0+0x63c]
J 2130 C2 java.awt.EventDispatchThread.pumpOneEventForFilters(I)V (295 bytes) @ 0x000000010fc66790 [0x000000010fc65f80+0x810]
J 3477% C2 java.awt.EventDispatchThread.pumpEventsForFilter(ILjava/awt/Conditional;Ljava/awt/EventFilter;)V (47 bytes) @ 0x000000010fbae77c [0x000000010fbae680+0xfc]
j  java.awt.EventDispatchThread.pumpEventsForHierarchy(ILjava/awt/Conditional;Ljava/awt/Component;)V+11
j  java.awt.EventDispatchThread.pumpEvents(ILjava/awt/Conditional;)V+4
j  java.awt.EventDispatchThread.pumpEvents(Ljava/awt/Conditional;)V+3
j  java.awt.EventDispatchThread.run()V+9
v  ~StubRoutines::call_stub
V  [libjvm.dylib+0x2ea59a]
V  [libjvm.dylib+0x2ead28]
V  [libjvm.dylib+0x2eaed4]
V  [libjvm.dylib+0x345451]
V  [libjvm.dylib+0x560e73]
V  [libjvm.dylib+0x56256e]
V  [libjvm.dylib+0x482fc2]
C  [libsystem_pthread.dylib+0x405a]  _pthread_body+0x83
C  [libsystem_pthread.dylib+0x3fd7]  _pthread_body+0x0
C  [libsystem_pthread.dylib+0x13ed]  thread_start+0xd
C  0x0000000000000000

Java frames: (J=compiled Java code, j=interpreted, Vv=VM code)
J 2463  apple.laf.JRSUIControl.paintImage([IIIJJJDDDD)I (0 bytes) @ 0x000000010fd07624 [0x000000010fd075c0+0x64]
J 3312 C2 com.apple.laf.AquaPainter$AquaSingleImagePainter.createImage(IIIILjava/awt/Rectangle;Lapple/laf/JRSUIControl;Lapple/laf/JRSUIState;)Ljava/awt/Image; (85 bytes) @ 0x000000010fa28f40 [0x000000010fa28d60+0x1e0]
J 2902 C2 sun.awt.image.MultiResolutionCachedImage.getResolutionVariant(II)Ljava/awt/Image; (71 bytes) @ 0x000000010fe891d4 [0x000000010fe88e00+0x3d4]
J 3149 C2 sun.java2d.SunGraphics2D.drawImage(Ljava/awt/Image;IIIILjava/awt/image/ImageObserver;)Z (15 bytes) @ 0x000000010f97450c [0x000000010f974480+0x8c]
J 3282 C2 com.apple.laf.AquaPainter.paint(Ljava/awt/Graphics;Ljava/awt/Component;IIII)V (50 bytes) @ 0x000000010fed5ed0 [0x000000010fed5780+0x750]
J 3327 C2 com.apple.laf.AquaProgressBarUI.paint(Ljava/awt/Graphics;Ljavax/swing/JComponent;)V (196 bytes) @ 0x000000010ffc85a0 [0x000000010ffc7fe0+0x5c0]
J 2934 C2 javax.swing.plaf.ComponentUI.update(Ljava/awt/Graphics;Ljavax/swing/JComponent;)V (36 bytes) @ 0x000000010fecefb4 [0x000000010fecef40+0x74]
J 2708 C2 javax.swing.JComponent.paintComponent(Ljava/awt/Graphics;)V (44 bytes) @ 0x000000010f773150 [0x000000010f772f40+0x210]
J 2703 C2 javax.swing.JComponent.paint(Ljava/awt/Graphics;)V (409 bytes) @ 0x000000010fdce2a8 [0x000000010fdcd9c0+0x8e8]
J 2655 C2 javax.swing.JComponent.paintChildren(Ljava/awt/Graphics;)V (669 bytes) @ 0x000000010fdaba60 [0x000000010fdab220+0x840]
J 2703 C2 javax.swing.JComponent.paint(Ljava/awt/Graphics;)V (409 bytes) @ 0x000000010fdce2d4 [0x000000010fdcd9c0+0x914]
J 2655 C2 javax.swing.JComponent.paintChildren(Ljava/awt/Graphics;)V (669 bytes) @ 0x000000010fdaba60 [0x000000010fdab220+0x840]
J 2703 C2 javax.swing.JComponent.paint(Ljava/awt/Graphics;)V (409 bytes) @ 0x000000010fdce2d4 [0x000000010fdcd9c0+0x914]
J 3381 C2 javax.swing.RepaintManager$PaintManager.paintDoubleBuffered(Ljavax/swing/JComponent;Ljava/awt/Image;Ljava/awt/Graphics;IIII)V (294 bytes) @ 0x000000010fff4644 [0x000000010fff23c0+0x2284]
J 3475 C2 javax.swing.JComponent._paintImmediately(IIII)V (891 bytes) @ 0x0000000110000e50 [0x000000010ffffec0+0xf90]
J 3279 C2 javax.swing.JComponent.paintImmediately(IIII)V (155 bytes) @ 0x000000010fb2a0c4 [0x000000010fb29e60+0x264]
J 3276 C2 javax.swing.RepaintManager$4.run()Ljava/lang/Object; (5 bytes) @ 0x000000010fb2651c [0x000000010fb26320+0x1fc]
v  ~StubRoutines::call_stub
J 713  java.security.AccessController.doPrivileged(Ljava/security/PrivilegedAction;Ljava/security/AccessControlContext;)Ljava/lang/Object; (0 bytes) @ 0x000000010f8a8763 [0x000000010f8a8700+0x63]
J 3256 C2 javax.swing.RepaintManager.paintDirtyRegions(Ljava/util/Map;)V (196 bytes) @ 0x000000010f96afb8 [0x000000010f96aa00+0x5b8]
J 3299 C2 javax.swing.RepaintManager$ProcessingRunnable.run()V (41 bytes) @ 0x000000010fd341ec [0x000000010fd33e80+0x36c]
J 2528 C2 java.awt.event.InvocationEvent.dispatch()V (69 bytes) @ 0x000000010fd30574 [0x000000010fd30520+0x54]
J 2108 C2 java.awt.EventQueue$3.run()Ljava/lang/Object; (5 bytes) @ 0x000000010fc520e0 [0x000000010fc51de0+0x300]
v  ~StubRoutines::call_stub
J 713  java.security.AccessController.doPrivileged(Ljava/security/PrivilegedAction;Ljava/security/AccessControlContext;)Ljava/lang/Object; (0 bytes) @ 0x000000010f8a8763 [0x000000010f8a8700+0x63]
J 2106 C2 java.awt.EventQueue.dispatchEvent(Ljava/awt/AWTEvent;)V (80 bytes) @ 0x000000010fc5b4dc [0x000000010fc5aea0+0x63c]
J 2130 C2 java.awt.EventDispatchThread.pumpOneEventForFilters(I)V (295 bytes) @ 0x000000010fc66790 [0x000000010fc65f80+0x810]
J 3477% C2 java.awt.EventDispatchThread.pumpEventsForFilter(ILjava/awt/Conditional;Ljava/awt/EventFilter;)V (47 bytes) @ 0x000000010fbae77c [0x000000010fbae680+0xfc]
j  java.awt.EventDispatchThread.pumpEventsForHierarchy(ILjava/awt/Conditional;Ljava/awt/Component;)V+11
j  java.awt.EventDispatchThread.pumpEvents(ILjava/awt/Conditional;)V+4
j  java.awt.EventDispatchThread.pumpEvents(Ljava/awt/Conditional;)V+3
j  java.awt.EventDispatchThread.run()V+9
v  ~StubRoutines::call_stub

---------------  P R O C E S S  ---------------

Java Threads: ( => current thread )
  0x00007f9438994000 JavaThread "TimerQueue" daemon [_thread_blocked, id=70895, stack(0x000000019dc54000,0x000000019dd54000)]
  0x00007f9438806800 JavaThread "DestroyJavaVM" [_thread_blocked, id=4867, stack(0x000000010dc6a000,0x000000010dd6a000)]
=>0x00007f94398c2800 JavaThread "AWT-EventQueue-0" [_thread_in_native, id=72967, stack(0x000000019d2a9000,0x000000019d3a9000)]
  0x00007f943cde7800 JavaThread "AWT-Shutdown" [_thread_blocked, id=21271, stack(0x000000018bd02000,0x000000018be02000)]
  0x00007f943a106000 JavaThread "Java Sound Event Dispatcher" daemon [_thread_blocked, id=36639, stack(0x000000018beb4000,0x000000018bfb4000)]
  0x00007f9438a89800 JavaThread "Java2D Disposer" daemon [_thread_blocked, id=55575, stack(0x000000012a931000,0x000000012aa31000)]
  0x00007f9438a51800 JavaThread "Java2D Queue Flusher" daemon [_thread_blocked, id=53003, stack(0x000000012995f000,0x0000000129a5f000)]
  0x00007f943a032000 JavaThread "AppKit Thread" daemon [_thread_in_native, id=1811, stack(0x00007fff518ad000,0x00007fff520ad000)]
  0x00007f9439015000 JavaThread "Service Thread" daemon [_thread_blocked, id=17923, stack(0x0000000124d10000,0x0000000124e10000)]
  0x00007f943980f000 JavaThread "C1 CompilerThread2" daemon [_thread_blocked, id=17411, stack(0x0000000124c0d000,0x0000000124d0d000)]
  0x00007f943980e000 JavaThread "C2 CompilerThread1" daemon [_thread_blocked, id=16899, stack(0x0000000124b0a000,0x0000000124c0a000)]
  0x00007f9438829000 JavaThread "C2 CompilerThread0" daemon [_thread_blocked, id=16387, stack(0x0000000124a07000,0x0000000124b07000)]
  0x00007f943883f000 JavaThread "Signal Dispatcher" daemon [_thread_blocked, id=12307, stack(0x0000000124904000,0x0000000124a04000)]
  0x00007f943900c800 JavaThread "Finalizer" daemon [_thread_blocked, id=11523, stack(0x0000000122f5f000,0x000000012305f000)]
  0x00007f943a001000 JavaThread "Reference Handler" daemon [_thread_blocked, id=11011, stack(0x0000000122e5c000,0x0000000122f5c000)]

Other Threads:
  0x00007f943881d000 VMThread [stack: 0x0000000122d59000,0x0000000122e59000] [id=10499]
  0x00007f9438840000 WatcherThread [stack: 0x0000000124e13000,0x0000000124f13000] [id=18435]

VM state:not at safepoint (normal execution)

VM Mutex/Monitor currently owned by a thread: None

Heap:
 PSYoungGen      total 64512K, used 18290K [0x00000007aab00000, 0x00000007af480000, 0x00000007c0000000)
  eden space 53760K, 15% used [0x00000007aab00000,0x00000007ab346b60,0x00000007adf80000)
  from space 10752K, 91% used [0x00000007aea00000,0x00000007af395f80,0x00000007af480000)
  to   space 10752K, 0% used [0x00000007adf80000,0x00000007adf80000,0x00000007aea00000)
 ParOldGen       total 401408K, used 333317K [0x0000000780000000, 0x0000000798800000, 0x00000007aab00000)
  object space 401408K, 83% used [0x0000000780000000,0x0000000794581790,0x0000000798800000)
 Metaspace       used 15148K, capacity 15442K, committed 15616K, reserved 1062912K
  class space    used 1849K, capacity 1939K, committed 2048K, reserved 1048576K

Card table byte_map: [0x000000011e94f000,0x000000011eb50000] byte_map_base: 0x000000011ad4f000

Marking Bits: (ParMarkBitMap*) 0x000000010eee3ea0
 Begin Bits: [0x000000011f0b2000, 0x00000001200b2000)
 End Bits:   [0x00000001200b2000, 0x00000001210b2000)

Polling page: 0x000000010ddaf000

CodeCache: size=245760Kb used=11338Kb max_used=11379Kb free=234421Kb
 bounds [0x000000010f58f000, 0x00000001100cf000, 0x000000011e58f000]
 total_blobs=3783 nmethods=3238 adapters=456
 compilation: enabled

Compilation events (10 events):
Event: 10410.457 Thread 0x00007f943980f000 3983       3       javax.swing.text.AbstractDocument$DefaultDocumentEvent::addEdit (133 bytes)
Event: 10410.458 Thread 0x00007f943980f000 nmethod 3983 0x000000010fe63dd0 code [0x000000010fe64020, 0x000000010fe65088]
Event: 10410.458 Thread 0x00007f943980f000 3985       3       java.lang.Math::max (45 bytes)
Event: 10410.459 Thread 0x00007f943980f000 nmethod 3985 0x000000010fe63890 code [0x000000010fe63a00, 0x000000010fe63d50]
Event: 10410.459 Thread 0x00007f943980f000 3986       3       java.awt.geom.RectangularShape::getMaxX (10 bytes)
Event: 10410.459 Thread 0x00007f943980f000 nmethod 3986 0x000000010fe63390 code [0x000000010fe63500, 0x000000010fe637f8]
Event: 10410.459 Thread 0x00007f943980f000 3987       3       java.awt.geom.RectangularShape::getMaxY (10 bytes)
Event: 10410.459 Thread 0x00007f943980f000 nmethod 3987 0x000000010fe62e90 code [0x000000010fe63000, 0x000000010fe632f8]
Event: 10410.459 Thread 0x00007f943980f000 3984       3       javax.swing.undo.CompoundEdit::addEdit (75 bytes)
Event: 10410.460 Thread 0x00007f943980f000 nmethod 3984 0x000000010fe61ed0 code [0x000000010fe620a0, 0x000000010fe62b78]

GC Heap History (10 events):
Event: 10250.781 GC heap before
{Heap before GC invocations=171 (full 3):
 PSYoungGen      total 60928K, used 59731K [0x00000007aab00000, 0x00000007af200000, 0x00000007c0000000)
  eden space 50176K, 99% used [0x00000007aab00000,0x00000007adbf73d0,0x00000007adc00000)
  from space 10752K, 89% used [0x00000007adc00000,0x00000007ae55d8c0,0x00000007ae680000)
  to   space 10752K, 0% used [0x00000007ae780000,0x00000007ae780000,0x00000007af200000)
 ParOldGen       total 401408K, used 333309K [0x0000000780000000, 0x0000000798800000, 0x00000007aab00000)
  object space 401408K, 83% used [0x0000000780000000,0x000000079457f790,0x0000000798800000)
 Metaspace       used 15119K, capacity 15378K, committed 15616K, reserved 1062912K
  class space    used 1849K, capacity 1939K, committed 2048K, reserved 1048576K
Event: 10250.787 GC heap after
Heap after GC invocations=171 (full 3):
 PSYoungGen      total 60928K, used 9590K [0x00000007aab00000, 0x00000007af100000, 0x00000007c0000000)
  eden space 51200K, 0% used [0x00000007aab00000,0x00000007aab00000,0x00000007add00000)
  from space 9728K, 98% used [0x00000007ae780000,0x00000007af0dd8c0,0x00000007af100000)
  to   space 10240K, 0% used [0x00000007add00000,0x00000007add00000,0x00000007ae700000)
 ParOldGen       total 401408K, used 333309K [0x0000000780000000, 0x0000000798800000, 0x00000007aab00000)
  object space 401408K, 83% used [0x0000000780000000,0x000000079457f790,0x0000000798800000)
 Metaspace       used 15119K, capacity 15378K, committed 15616K, reserved 1062912K
  class space    used 1849K, capacity 1939K, committed 2048K, reserved 1048576K
}
Event: 10255.329 GC heap before
{Heap before GC invocations=172 (full 3):
 PSYoungGen      total 60928K, used 60790K [0x00000007aab00000, 0x00000007af100000, 0x00000007c0000000)
  eden space 51200K, 100% used [0x00000007aab00000,0x00000007add00000,0x00000007add00000)
  from space 9728K, 98% used [0x00000007ae780000,0x00000007af0dd8c0,0x00000007af100000)
  to   space 10240K, 0% used [0x00000007add00000,0x00000007add00000,0x00000007ae700000)
 ParOldGen       total 401408K, used 333309K [0x0000000780000000, 0x0000000798800000, 0x00000007aab00000)
  object space 401408K, 83% used [0x0000000780000000,0x000000079457f790,0x0000000798800000)
 Metaspace       used 15119K, capacity 15378K, committed 15616K, reserved 1062912K
  class space    used 1849K, capacity 1939K, committed 2048K, reserved 1048576K
Event: 10255.337 GC heap after
Heap after GC invocations=172 (full 3):
 PSYoungGen      total 61440K, used 9558K [0x00000007aab00000, 0x00000007af280000, 0x00000007c0000000)
  eden space 51200K, 0% used [0x00000007aab00000,0x00000007aab00000,0x00000007add00000)
  from space 10240K, 93% used [0x00000007add00000,0x00000007ae6558c0,0x00000007ae700000)
  to   space 10240K, 0% used [0x00000007ae880000,0x00000007ae880000,0x00000007af280000)
 ParOldGen       total 401408K, used 333309K [0x0000000780000000, 0x0000000798800000, 0x00000007aab00000)
  object space 401408K, 83% used [0x0000000780000000,0x000000079457f790,0x0000000798800000)
 Metaspace       used 15119K, capacity 15378K, committed 15616K, reserved 1062912K
  class space    used 1849K, capacity 1939K, committed 2048K, reserved 1048576K
}
Event: 10259.933 GC heap before
{Heap before GC invocations=173 (full 3):
 PSYoungGen      total 61440K, used 60758K [0x00000007aab00000, 0x00000007af280000, 0x00000007c0000000)
  eden space 51200K, 100% used [0x00000007aab00000,0x00000007add00000,0x00000007add00000)
  from space 10240K, 93% used [0x00000007add00000,0x00000007ae6558c0,0x00000007ae700000)
  to   space 10240K, 0% used [0x00000007ae880000,0x00000007ae880000,0x00000007af280000)
 ParOldGen       total 401408K, used 333309K [0x0000000780000000, 0x0000000798800000, 0x00000007aab00000)
  object space 401408K, 83% used [0x0000000780000000,0x000000079457f790,0x0000000798800000)
 Metaspace       used 15119K, capacity 15378K, committed 15616K, reserved 1062912K
  class space    used 1849K, capacity 1939K, committed 2048K, reserved 1048576K
Event: 10259.938 GC heap after
Heap after GC invocations=173 (full 3):
 PSYoungGen      total 62976K, used 9558K [0x00000007aab00000, 0x00000007af280000, 0x00000007c0000000)
  eden space 52736K, 0% used [0x00000007aab00000,0x00000007aab00000,0x00000007ade80000)
  from space 10240K, 93% used [0x00000007ae880000,0x00000007af1d58c0,0x00000007af280000)
  to   space 10240K, 0% used [0x00000007ade80000,0x00000007ade80000,0x00000007ae880000)
 ParOldGen       total 401408K, used 333309K [0x0000000780000000, 0x0000000798800000, 0x00000007aab00000)
  object space 401408K, 83% used [0x0000000780000000,0x000000079457f790,0x0000000798800000)
 Metaspace       used 15119K, capacity 15378K, committed 15616K, reserved 1062912K
  class space    used 1849K, capacity 1939K, committed 2048K, reserved 1048576K
}
Event: 10374.578 GC heap before
{Heap before GC invocations=174 (full 3):
 PSYoungGen      total 62976K, used 62294K [0x00000007aab00000, 0x00000007af280000, 0x00000007c0000000)
  eden space 52736K, 100% used [0x00000007aab00000,0x00000007ade80000,0x00000007ade80000)
  from space 10240K, 93% used [0x00000007ae880000,0x00000007af1d58c0,0x00000007af280000)
  to   space 10240K, 0% used [0x00000007ade80000,0x00000007ade80000,0x00000007ae880000)
 ParOldGen       total 401408K, used 333309K [0x0000000780000000, 0x0000000798800000, 0x00000007aab00000)
  object space 401408K, 83% used [0x0000000780000000,0x000000079457f790,0x0000000798800000)
 Metaspace       used 15124K, capacity 15442K, committed 15616K, reserved 1062912K
  class space    used 1849K, capacity 1939K, committed 2048K, reserved 1048576K
Event: 10374.583 GC heap after
Heap after GC invocations=174 (full 3):
 PSYoungGen      total 62976K, used 7805K [0x00000007aab00000, 0x00000007af480000, 0x00000007c0000000)
  eden space 52736K, 0% used [0x00000007aab00000,0x00000007aab00000,0x00000007ade80000)
  from space 10240K, 76% used [0x00000007ade80000,0x00000007ae61f550,0x00000007ae880000)
  to   space 10752K, 0% used [0x00000007aea00000,0x00000007aea00000,0x00000007af480000)
 ParOldGen       total 401408K, used 333309K [0x0000000780000000, 0x0000000798800000, 0x00000007aab00000)
  object space 401408K, 83% used [0x0000000780000000,0x000000079457f790,0x0000000798800000)
 Metaspace       used 15124K, capacity 15442K, committed 15616K, reserved 1062912K
  class space    used 1849K, capacity 1939K, committed 2048K, reserved 1048576K
}
Event: 10418.795 GC heap before
{Heap before GC invocations=175 (full 3):
 PSYoungGen      total 62976K, used 60541K [0x00000007aab00000, 0x00000007af480000, 0x00000007c0000000)
  eden space 52736K, 100% used [0x00000007aab00000,0x00000007ade80000,0x00000007ade80000)
  from space 10240K, 76% used [0x00000007ade80000,0x00000007ae61f550,0x00000007ae880000)
  to   space 10752K, 0% used [0x00000007aea00000,0x00000007aea00000,0x00000007af480000)
 ParOldGen       total 401408K, used 333309K [0x0000000780000000, 0x0000000798800000, 0x00000007aab00000)
  object space 401408K, 83% used [0x0000000780000000,0x000000079457f790,0x0000000798800000)
 Metaspace       used 15148K, capacity 15442K, committed 15616K, reserved 1062912K
  class space    used 1849K, capacity 1939K, committed 2048K, reserved 1048576K
Event: 10418.802 GC heap after
Heap after GC invocations=175 (full 3):
 PSYoungGen      total 64512K, used 9815K [0x00000007aab00000, 0x00000007af480000, 0x00000007c0000000)
  eden space 53760K, 0% used [0x00000007aab00000,0x00000007aab00000,0x00000007adf80000)
  from space 10752K, 91% used [0x00000007aea00000,0x00000007af395f80,0x00000007af480000)
  to   space 10752K, 0% used [0x00000007adf80000,0x00000007adf80000,0x00000007aea00000)
 ParOldGen       total 401408K, used 333317K [0x0000000780000000, 0x0000000798800000, 0x00000007aab00000)
  object space 401408K, 83% used [0x0000000780000000,0x0000000794581790,0x0000000798800000)
 Metaspace       used 15148K, capacity 15442K, committed 15616K, reserved 1062912K
  class space    used 1849K, capacity 1939K, committed 2048K, reserved 1048576K
}

Deoptimization events (10 events):
Event: 6679.358 Thread 0x00007f94398c2800 Uncommon trap: reason=unstable_if action=reinterpret pc=0x000000010fd2888c method=java.awt.Rectangle.inside(II)Z @ 79
Event: 7435.409 Thread 0x00007f94398c2800 Uncommon trap: reason=unstable_if action=reinterpret pc=0x000000010ff184cc method=java.awt.LightweightDispatcher.retargetMouseEvent(Ljava/awt/Component;ILjava/awt/event/MouseEvent;)V @ 342
Event: 7479.856 Thread 0x00007f94398c2800 Uncommon trap: reason=unstable_if action=reinterpret pc=0x000000010fa539c0 method=java.util.concurrent.locks.AbstractQueuedSynchronizer.acquireQueued(Ljava/util/concurrent/locks/AbstractQueuedSynchronizer$Node;I)Z @ 17
Event: 8209.817 Thread 0x00007f94398c2800 Uncommon trap: reason=unstable_if action=reinterpret pc=0x000000010fc61264 method=javax.swing.SwingUtilities.computeIntersection(IIIILjava/awt/Rectangle;)Ljava/awt/Rectangle; @ 6
Event: 9198.178 Thread 0x00007f94398c2800 Uncommon trap: reason=unstable_if action=reinterpret pc=0x000000010fe596ec method=sun.java2d.SunGraphics2D.validatePipe()V @ 7
Event: 9198.178 Thread 0x00007f94398c2800 Uncommon trap: reason=unstable_if action=reinterpret pc=0x000000010ff1ba54 method=sun.java2d.SunGraphics2D.setDevClip(IIII)V @ 8
Event: 9198.309 Thread 0x00007f9438994000 Uncommon trap: reason=unstable_if action=reinterpret pc=0x000000010fa274f0 method=java.util.concurrent.locks.AbstractQueuedSynchronizer.acquireInterruptibly(I)V @ 19
Event: 10082.999 Thread 0x00007f94398c2800 Uncommon trap: reason=unstable_if action=reinterpret pc=0x000000010fa81c64 method=javax.swing.SwingUtilities.layoutCompoundLabelImpl(Ljavax/swing/JComponent;Ljava/awt/FontMetrics;Ljava/lang/String;Ljavax/swing/Icon;IIIILjava/awt/Rectangle;Ljava/awt/Rectan
Event: 10092.317 Thread 0x00007f94398c2800 Uncommon trap: reason=unstable_if action=reinterpret pc=0x000000010ff2ea6c method=sun.java2d.pipe.BufferedContext.validate(Lsun/java2d/pipe/hw/AccelSurface;Lsun/java2d/pipe/hw/AccelSurface;Lsun/java2d/pipe/Region;Ljava/awt/Composite;Ljava/awt/geom/AffineT
Event: 10394.972 Thread 0x00007f94398c2800 Uncommon trap: reason=unstable_if action=reinterpret pc=0x000000010fcaf5ac method=java.awt.LightweightDispatcher.dispatchEvent(Ljava/awt/AWTEvent;)Z @ 40

Internal exceptions (10 events):
Event: 4914.948 Thread 0x00007f94398c2800 Implicit null exception at 0x000000010fd342bd to 0x000000010fd35591
Event: 5166.063 Thread 0x00007f94398c2800 Implicit null exception at 0x000000010fd3256b to 0x000000010fd32da1
Event: 5823.462 Thread 0x00007f943900c800 Exception <a 'java/lang/NullPointerException'> (0x00000007aab9a0e8) thrown at [/Users/java_re/workspace/8-2-build-macosx-x86_64/jdk8u71/5731/hotspot/src/share/vm/interpreter/linkResolver.cpp, line 1178]
Event: 5823.462 Thread 0x00007f943900c800 Exception <a 'java/lang/NullPointerException'> (0x00000007aab9a2f0) thrown at [/Users/java_re/workspace/8-2-build-macosx-x86_64/jdk8u71/5731/hotspot/src/share/vm/interpreter/linkResolver.cpp, line 1178]
Event: 5833.944 Thread 0x00007f943900c800 Exception <a 'java/lang/NullPointerException'> (0x00000007aaba5378) thrown at [/Users/java_re/workspace/8-2-build-macosx-x86_64/jdk8u71/5731/hotspot/src/share/vm/interpreter/linkResolver.cpp, line 1178]
Event: 5866.850 Thread 0x00007f943900c800 Exception <a 'java/lang/NullPointerException'> (0x00000007aab9e820) thrown at [/Users/java_re/workspace/8-2-build-macosx-x86_64/jdk8u71/5731/hotspot/src/share/vm/interpreter/linkResolver.cpp, line 1178]
Event: 6688.349 Thread 0x00007f943900c800 Exception <a 'java/lang/NullPointerException'> (0x00000007aaba03b8) thrown at [/Users/java_re/workspace/8-2-build-macosx-x86_64/jdk8u71/5731/hotspot/src/share/vm/interpreter/linkResolver.cpp, line 1178]
Event: 10158.231 Thread 0x00007f943900c800 Exception <a 'java/lang/NullPointerException'> (0x00000007aabfc798) thrown at [/Users/java_re/workspace/8-2-build-macosx-x86_64/jdk8u71/5731/hotspot/src/share/vm/interpreter/linkResolver.cpp, line 1178]
Event: 10158.231 Thread 0x00007f943900c800 Exception <a 'java/lang/NullPointerException'> (0x00000007aabfc9a0) thrown at [/Users/java_re/workspace/8-2-build-macosx-x86_64/jdk8u71/5731/hotspot/src/share/vm/interpreter/linkResolver.cpp, line 1178]
Event: 10158.231 Thread 0x00007f943900c800 Exception <a 'java/lang/NullPointerException'> (0x00000007aabfcba8) thrown at [/Users/java_re/workspace/8-2-build-macosx-x86_64/jdk8u71/5731/hotspot/src/share/vm/interpreter/linkResolver.cpp, line 1178]

Events (10 events):
Event: 10407.949 Thread 0x00007f943f011000 Thread exited: 0x00007f943f011000
Event: 10408.973 Executing VM operation: RevokeBias
Event: 10408.974 Executing VM operation: RevokeBias done
Event: 10408.974 Thread 0x00007f943fbae800 Thread exited: 0x00007f943fbae800
Event: 10410.455 Thread 0x00007f943fbaf800 Thread added: 0x00007f943fbaf800
Event: 10415.457 Executing VM operation: RevokeBias
Event: 10415.458 Executing VM operation: RevokeBias done
Event: 10415.458 Thread 0x00007f943fbaf800 Thread exited: 0x00007f943fbaf800
Event: 10418.795 Executing VM operation: ParallelGCFailedAllocation
Event: 10418.802 Executing VM operation: ParallelGCFailedAllocation done


Dynamic libraries:
0x0000000001461000 	/System/Library/Frameworks/Cocoa.framework/Versions/A/Cocoa
0x0000000001461000 	/System/Library/Frameworks/Security.framework/Versions/A/Security
0x0000000001461000 	/System/Library/Frameworks/ApplicationServices.framework/Versions/A/ApplicationServices
0x0000000001461000 	/usr/lib/libz.1.dylib
0x0000000001461000 	/usr/lib/libSystem.B.dylib
0x0000000001461000 	/usr/lib/libobjc.A.dylib
0x0000000001461000 	/System/Library/Frameworks/CoreFoundation.framework/Versions/A/CoreFoundation
0x0000000001461000 	/System/Library/Frameworks/Foundation.framework/Versions/C/Foundation
0x0000000001461000 	/System/Library/Frameworks/AppKit.framework/Versions/C/AppKit
0x0000000001461000 	/System/Library/Frameworks/CoreData.framework/Versions/A/CoreData
0x0000000001461000 	/System/Library/PrivateFrameworks/RemoteViewServices.framework/Versions/A/RemoteViewServices
0x0000000001461000 	/System/Library/PrivateFrameworks/UIFoundation.framework/Versions/A/UIFoundation
0x0000000001461000 	/System/Library/Frameworks/IOSurface.framework/Versions/A/IOSurface
0x0000000001461000 	/System/Library/Frameworks/AudioToolbox.framework/Versions/A/AudioToolbox
0x0000000001461000 	/System/Library/Frameworks/AudioUnit.framework/Versions/A/AudioUnit
0x0000000001461000 	/System/Library/PrivateFrameworks/DataDetectorsCore.framework/Versions/A/DataDetectorsCore
0x0000000001461000 	/System/Library/PrivateFrameworks/DesktopServicesPriv.framework/Versions/A/DesktopServicesPriv
0x0000000001461000 	/System/Library/Frameworks/Carbon.framework/Versions/A/Frameworks/HIToolbox.framework/Versions/A/HIToolbox
0x0000000001461000 	/System/Library/Frameworks/QuartzCore.framework/Versions/A/QuartzCore
0x0000000001461000 	/System/Library/Frameworks/Carbon.framework/Versions/A/Frameworks/SpeechRecognition.framework/Versions/A/SpeechRecognition
0x0000000001461000 	/usr/lib/libauto.dylib
0x0000000001461000 	/usr/lib/libicucore.A.dylib
0x0000000001461000 	/usr/lib/libxml2.2.dylib
0x0000000001461000 	/System/Library/PrivateFrameworks/CoreUI.framework/Versions/A/CoreUI
0x0000000001461000 	/System/Library/Frameworks/CoreAudio.framework/Versions/A/CoreAudio
0x0000000001461000 	/System/Library/Frameworks/DiskArbitration.framework/Versions/A/DiskArbitration
0x0000000001461000 	/usr/lib/liblangid.dylib
0x0000000001461000 	/System/Library/PrivateFrameworks/MultitouchSupport.framework/Versions/A/MultitouchSupport
0x0000000001461000 	/System/Library/Frameworks/IOKit.framework/Versions/A/IOKit
0x0000000001461000 	/usr/lib/libDiagnosticMessagesClient.dylib
0x0000000001461000 	/System/Library/Frameworks/CoreServices.framework/Versions/A/CoreServices
0x0000000001461000 	/System/Library/PrivateFrameworks/PerformanceAnalysis.framework/Versions/A/PerformanceAnalysis
0x0000000001461000 	/System/Library/PrivateFrameworks/GenerationalStorage.framework/Versions/A/GenerationalStorage
0x0000000001461000 	/System/Library/Frameworks/OpenGL.framework/Versions/A/OpenGL
0x0000000001461000 	/System/Library/PrivateFrameworks/Sharing.framework/Versions/A/Sharing
0x0000000001461000 	/System/Library/Frameworks/CoreGraphics.framework/Versions/A/CoreGraphics
0x0000000001461000 	/System/Library/Frameworks/CoreText.framework/Versions/A/CoreText
0x0000000001461000 	/System/Library/Frameworks/ImageIO.framework/Versions/A/ImageIO
0x0000000001461000 	/usr/lib/libextension.dylib
0x0000000001461000 	/System/Library/PrivateFrameworks/Backup.framework/Versions/A/Backup
0x0000000001461000 	/usr/lib/libarchive.2.dylib
0x0000000001461000 	/System/Library/Frameworks/CFNetwork.framework/Versions/A/CFNetwork
0x0000000001461000 	/System/Library/Frameworks/SystemConfiguration.framework/Versions/A/SystemConfiguration
0x0000000001461000 	/usr/lib/libCRFSuite.dylib
0x0000000001461000 	/usr/lib/libc++.1.dylib
0x0000000001461000 	/usr/lib/libc++abi.dylib
0x0000000001461000 	/usr/lib/system/libcache.dylib
0x0000000001461000 	/usr/lib/system/libcommonCrypto.dylib
0x0000000001461000 	/usr/lib/system/libcompiler_rt.dylib
0x0000000001461000 	/usr/lib/system/libcopyfile.dylib
0x0000000001461000 	/usr/lib/system/libcorecrypto.dylib
0x0000000001461000 	/usr/lib/system/libdispatch.dylib
0x0000000001461000 	/usr/lib/system/libdyld.dylib
0x0000000001461000 	/usr/lib/system/libkeymgr.dylib
0x0000000001461000 	/usr/lib/system/liblaunch.dylib
0x0000000001461000 	/usr/lib/system/libmacho.dylib
0x0000000001461000 	/usr/lib/system/libquarantine.dylib
0x0000000001461000 	/usr/lib/system/libremovefile.dylib
0x0000000001461000 	/usr/lib/system/libsystem_asl.dylib
0x0000000001461000 	/usr/lib/system/libsystem_blocks.dylib
0x0000000001461000 	/usr/lib/system/libsystem_c.dylib
0x0000000001461000 	/usr/lib/system/libsystem_configuration.dylib
0x0000000001461000 	/usr/lib/system/libsystem_coreservices.dylib
0x0000000001461000 	/usr/lib/system/libsystem_coretls.dylib
0x0000000001461000 	/usr/lib/system/libsystem_dnssd.dylib
0x0000000001461000 	/usr/lib/system/libsystem_info.dylib
0x0000000001461000 	/usr/lib/system/libsystem_kernel.dylib
0x0000000001461000 	/usr/lib/system/libsystem_m.dylib
0x0000000001461000 	/usr/lib/system/libsystem_malloc.dylib
0x0000000001461000 	/usr/lib/system/libsystem_network.dylib
0x0000000001461000 	/usr/lib/system/libsystem_networkextension.dylib
0x0000000001461000 	/usr/lib/system/libsystem_notify.dylib
0x0000000001461000 	/usr/lib/system/libsystem_platform.dylib
0x0000000001461000 	/usr/lib/system/libsystem_pthread.dylib
0x0000000001461000 	/usr/lib/system/libsystem_sandbox.dylib
0x0000000001461000 	/usr/lib/system/libsystem_secinit.dylib
0x0000000001461000 	/usr/lib/system/libsystem_stats.dylib
0x0000000001461000 	/usr/lib/system/libsystem_trace.dylib
0x0000000001461000 	/usr/lib/system/libunc.dylib
0x0000000001461000 	/usr/lib/system/libunwind.dylib
0x0000000001461000 	/usr/lib/system/libxpc.dylib
0x0000000001461000 	/usr/lib/libbz2.1.0.dylib
0x0000000001461000 	/usr/lib/liblzma.5.dylib
0x0000000001461000 	/usr/lib/libbsm.0.dylib
0x0000000001461000 	/usr/lib/libsqlite3.dylib
0x0000000001461000 	/usr/lib/system/libkxld.dylib
0x0000000001461000 	/usr/lib/libxar.1.dylib
0x0000000001461000 	/usr/lib/libpam.2.dylib
0x0000000001461000 	/usr/lib/libOpenScriptingUtil.dylib
0x0000000001461000 	/System/Library/Frameworks/CoreServices.framework/Versions/A/Frameworks/FSEvents.framework/Versions/A/FSEvents
0x0000000001461000 	/System/Library/Frameworks/CoreServices.framework/Versions/A/Frameworks/CarbonCore.framework/Versions/A/CarbonCore
0x0000000001461000 	/System/Library/Frameworks/CoreServices.framework/Versions/A/Frameworks/Metadata.framework/Versions/A/Metadata
0x0000000001461000 	/System/Library/Frameworks/CoreServices.framework/Versions/A/Frameworks/OSServices.framework/Versions/A/OSServices
0x0000000001461000 	/System/Library/Frameworks/CoreServices.framework/Versions/A/Frameworks/SearchKit.framework/Versions/A/SearchKit
0x0000000001461000 	/System/Library/Frameworks/CoreServices.framework/Versions/A/Frameworks/AE.framework/Versions/A/AE
0x0000000001461000 	/System/Library/Frameworks/CoreServices.framework/Versions/A/Frameworks/LaunchServices.framework/Versions/A/LaunchServices
0x0000000001461000 	/System/Library/Frameworks/CoreServices.framework/Versions/A/Frameworks/DictionaryServices.framework/Versions/A/DictionaryServices
0x0000000001461000 	/System/Library/Frameworks/NetFS.framework/Versions/A/NetFS
0x0000000001461000 	/System/Library/PrivateFrameworks/NetAuth.framework/Versions/A/NetAuth
0x0000000001461000 	/System/Library/PrivateFrameworks/login.framework/Versions/A/Frameworks/loginsupport.framework/Versions/A/loginsupport
0x0000000001461000 	/System/Library/PrivateFrameworks/TCC.framework/Versions/A/TCC
0x0000000001461000 	/usr/lib/libmecabra.dylib
0x0000000001461000 	/System/Library/Frameworks/ApplicationServices.framework/Versions/A/Frameworks/ATS.framework/Versions/A/ATS
0x0000000001461000 	/System/Library/Frameworks/ApplicationServices.framework/Versions/A/Frameworks/ColorSync.framework/Versions/A/ColorSync
0x0000000001461000 	/System/Library/Frameworks/ApplicationServices.framework/Versions/A/Frameworks/HIServices.framework/Versions/A/HIServices
0x0000000001461000 	/System/Library/Frameworks/ApplicationServices.framework/Versions/A/Frameworks/LangAnalysis.framework/Versions/A/LangAnalysis
0x0000000001461000 	/System/Library/Frameworks/ApplicationServices.framework/Versions/A/Frameworks/PrintCore.framework/Versions/A/PrintCore
0x0000000001461000 	/System/Library/Frameworks/ApplicationServices.framework/Versions/A/Frameworks/QD.framework/Versions/A/QD
0x0000000001461000 	/System/Library/Frameworks/ApplicationServices.framework/Versions/A/Frameworks/SpeechSynthesis.framework/Versions/A/SpeechSynthesis
0x0000000001461000 	/System/Library/Frameworks/Accelerate.framework/Versions/A/Accelerate
0x0000000001461000 	/System/Library/Frameworks/Accelerate.framework/Versions/A/Frameworks/vImage.framework/Versions/A/vImage
0x0000000001461000 	/System/Library/Frameworks/Accelerate.framework/Versions/A/Frameworks/vecLib.framework/Versions/A/vecLib
0x0000000001461000 	/System/Library/Frameworks/Accelerate.framework/Versions/A/Frameworks/vecLib.framework/Versions/A/libvDSP.dylib
0x0000000001461000 	/System/Library/Frameworks/Accelerate.framework/Versions/A/Frameworks/vecLib.framework/Versions/A/libvMisc.dylib
0x0000000001461000 	/System/Library/Frameworks/Accelerate.framework/Versions/A/Frameworks/vecLib.framework/Versions/A/libLAPACK.dylib
0x0000000001461000 	/System/Library/Frameworks/Accelerate.framework/Versions/A/Frameworks/vecLib.framework/Versions/A/libBLAS.dylib
0x0000000001461000 	/System/Library/Frameworks/Accelerate.framework/Versions/A/Frameworks/vecLib.framework/Versions/A/libLinearAlgebra.dylib
0x0000000001461000 	/System/Library/Frameworks/ApplicationServices.framework/Versions/A/Frameworks/ATS.framework/Versions/A/Resources/libFontParser.dylib
0x0000000001461000 	/System/Library/Frameworks/ApplicationServices.framework/Versions/A/Frameworks/ATS.framework/Versions/A/Resources/libFontRegistry.dylib
0x0000000001461000 	/System/Library/PrivateFrameworks/AppleVPA.framework/Versions/A/AppleVPA
0x0000000001461000 	/System/Library/PrivateFrameworks/AppleJPEG.framework/Versions/A/AppleJPEG
0x0000000001461000 	/System/Library/Frameworks/ImageIO.framework/Versions/A/Resources/libJPEG.dylib
0x0000000001461000 	/System/Library/Frameworks/ImageIO.framework/Versions/A/Resources/libTIFF.dylib
0x0000000001461000 	/System/Library/Frameworks/ImageIO.framework/Versions/A/Resources/libPng.dylib
0x0000000001461000 	/System/Library/Frameworks/ImageIO.framework/Versions/A/Resources/libGIF.dylib
0x0000000001461000 	/System/Library/Frameworks/ImageIO.framework/Versions/A/Resources/libJP2.dylib
0x0000000001461000 	/System/Library/Frameworks/ImageIO.framework/Versions/A/Resources/libRadiance.dylib
0x0000000001461000 	/System/Library/Frameworks/CoreVideo.framework/Versions/A/CoreVideo
0x0000000001461000 	/System/Library/Frameworks/OpenGL.framework/Versions/A/Libraries/libGLU.dylib
0x0000000001461000 	/System/Library/Frameworks/OpenGL.framework/Versions/A/Libraries/libGFXShared.dylib
0x0000000001461000 	/System/Library/Frameworks/OpenGL.framework/Versions/A/Libraries/libGL.dylib
0x0000000001461000 	/System/Library/Frameworks/OpenGL.framework/Versions/A/Libraries/libGLImage.dylib
0x0000000001461000 	/System/Library/Frameworks/OpenGL.framework/Versions/A/Libraries/libCVMSPluginSupport.dylib
0x0000000001461000 	/System/Library/Frameworks/OpenGL.framework/Versions/A/Libraries/libCoreVMClient.dylib
0x0000000001461000 	/usr/lib/libcups.2.dylib
0x0000000001461000 	/System/Library/Frameworks/Kerberos.framework/Versions/A/Kerberos
0x0000000001461000 	/System/Library/Frameworks/GSS.framework/Versions/A/GSS
0x0000000001461000 	/usr/lib/libresolv.9.dylib
0x0000000001461000 	/usr/lib/libiconv.2.dylib
0x0000000001461000 	/System/Library/PrivateFrameworks/Heimdal.framework/Versions/A/Heimdal
0x0000000001461000 	/usr/lib/libheimdal-asn1.dylib
0x0000000001461000 	/System/Library/Frameworks/OpenDirectory.framework/Versions/A/OpenDirectory
0x0000000001461000 	/System/Library/PrivateFrameworks/CommonAuth.framework/Versions/A/CommonAuth
0x0000000001461000 	/System/Library/Frameworks/OpenDirectory.framework/Versions/A/Frameworks/CFOpenDirectory.framework/Versions/A/CFOpenDirectory
0x0000000001461000 	/System/Library/Frameworks/SecurityFoundation.framework/Versions/A/SecurityFoundation
0x0000000001461000 	/System/Library/PrivateFrameworks/LanguageModeling.framework/Versions/A/LanguageModeling
0x0000000001461000 	/usr/lib/libcmph.dylib
0x0000000001461000 	/System/Library/Frameworks/ServiceManagement.framework/Versions/A/ServiceManagement
0x0000000001461000 	/usr/lib/libxslt.1.dylib
0x0000000001461000 	/System/Library/Frameworks/Carbon.framework/Versions/A/Frameworks/Ink.framework/Versions/A/Ink
0x0000000001461000 	/System/Library/Frameworks/QuartzCore.framework/Versions/A/Frameworks/CoreImage.framework/Versions/A/CoreImage
0x0000000001461000 	/System/Library/PrivateFrameworks/CrashReporterSupport.framework/Versions/A/CrashReporterSupport
0x0000000001461000 	/System/Library/Frameworks/OpenCL.framework/Versions/A/OpenCL
0x0000000001461000 	/System/Library/PrivateFrameworks/FaceCore.framework/Versions/A/FaceCore
0x0000000001461000 	/System/Library/PrivateFrameworks/Ubiquity.framework/Versions/A/Ubiquity
0x0000000001461000 	/System/Library/PrivateFrameworks/IconServices.framework/Versions/A/IconServices
0x0000000001461000 	/System/Library/PrivateFrameworks/ChunkingLibrary.framework/Versions/A/ChunkingLibrary
0x0000000001461000 	/System/Library/PrivateFrameworks/Apple80211.framework/Versions/A/Apple80211
0x0000000001461000 	/System/Library/Frameworks/CoreWLAN.framework/Versions/A/CoreWLAN
0x0000000001461000 	/System/Library/Frameworks/IOBluetooth.framework/Versions/A/IOBluetooth
0x0000000001461000 	/System/Library/PrivateFrameworks/CoreWiFi.framework/Versions/A/CoreWiFi
0x0000000001461000 	/System/Library/Frameworks/CoreBluetooth.framework/Versions/A/CoreBluetooth
0x0000000001461000 	/System/Library/PrivateFrameworks/DebugSymbols.framework/Versions/A/DebugSymbols
0x0000000001461000 	/System/Library/PrivateFrameworks/CoreSymbolication.framework/Versions/A/CoreSymbolication
0x0000000001461000 	/System/Library/PrivateFrameworks/Symbolication.framework/Versions/A/Symbolication
0x0000000001461000 	/System/Library/PrivateFrameworks/SpeechRecognitionCore.framework/Versions/A/SpeechRecognitionCore
0x000000010e600000 	/Library/Java/JavaVirtualMachines/jdk1.8.0_71.jdk/Contents/Home/jre/lib/server/libjvm.dylib
0x0000000001461000 	/usr/lib/libstdc++.6.dylib
0x000000010dd6c000 	/Library/Java/JavaVirtualMachines/jdk1.8.0_71.jdk/Contents/Home/jre/lib/libverify.dylib
0x000000010dd7a000 	/Library/Java/JavaVirtualMachines/jdk1.8.0_71.jdk/Contents/Home/jre/lib/libjava.dylib
0x000000010ddb9000 	/Library/Java/JavaVirtualMachines/jdk1.8.0_71.jdk/Contents/Home/jre/lib/libzip.dylib
0x0000000123061000 	/System/Library/Frameworks/JavaVM.framework/Frameworks/JavaRuntimeSupport.framework/JavaRuntimeSupport
0x000000012307c000 	/System/Library/Frameworks/JavaVM.framework/Versions/A/Frameworks/JavaNativeFoundation.framework/Versions/A/JavaNativeFoundation
0x0000000123091000 	/System/Library/Frameworks/JavaVM.framework/Versions/A/JavaVM
0x0000000001461000 	/System/Library/Frameworks/Carbon.framework/Versions/A/Carbon
0x000000012309e000 	/System/Library/PrivateFrameworks/JavaLaunching.framework/Versions/A/JavaLaunching
0x0000000001461000 	/System/Library/Frameworks/Carbon.framework/Versions/A/Frameworks/CommonPanels.framework/Versions/A/CommonPanels
0x0000000001461000 	/System/Library/Frameworks/Carbon.framework/Versions/A/Frameworks/Help.framework/Versions/A/Help
0x0000000001461000 	/System/Library/Frameworks/Carbon.framework/Versions/A/Frameworks/ImageCapture.framework/Versions/A/ImageCapture
0x0000000001461000 	/System/Library/Frameworks/Carbon.framework/Versions/A/Frameworks/OpenScripting.framework/Versions/A/OpenScripting
0x0000000001461000 	/System/Library/Frameworks/Carbon.framework/Versions/A/Frameworks/Print.framework/Versions/A/Print
0x0000000001461000 	/System/Library/Frameworks/Carbon.framework/Versions/A/Frameworks/SecurityHI.framework/Versions/A/SecurityHI
0x0000000124f50000 	/Library/Java/JavaVirtualMachines/jdk1.8.0_71.jdk/Contents/Home/jre/lib/libawt.dylib
0x0000000124ff8000 	/Library/Java/JavaVirtualMachines/jdk1.8.0_71.jdk/Contents/Home/jre/lib/./libmlib_image.dylib
0x00000001250c4000 	/Library/Java/JavaVirtualMachines/jdk1.8.0_71.jdk/Contents/Home/jre/lib/libawt_lwawt.dylib
0x0000000125179000 	/Library/Java/JavaVirtualMachines/jdk1.8.0_71.jdk/Contents/Home/jre/lib/./libosxapp.dylib
0x0000000001461000 	/System/Library/Frameworks/ExceptionHandling.framework/Versions/A/ExceptionHandling
0x0000000001461000 	/System/Library/PrivateFrameworks/CoreServicesInternal.framework/Versions/A/CoreServicesInternal
0x0000000001461000 	/System/Library/PrivateFrameworks/CloudDocs.framework/Versions/A/CloudDocs
0x0000000001461000 	/System/Library/PrivateFrameworks/CoreDuet.framework/Versions/A/CoreDuet
0x0000000001461000 	/System/Library/Frameworks/CloudKit.framework/Versions/A/CloudKit
0x0000000001461000 	/System/Library/PrivateFrameworks/ProtocolBuffer.framework/Versions/A/ProtocolBuffer
0x0000000001461000 	/System/Library/PrivateFrameworks/CoreDuetDaemonProtocol.framework/Versions/A/CoreDuetDaemonProtocol
0x0000000001461000 	/System/Library/PrivateFrameworks/CoreDuetDebugLogging.framework/Versions/A/CoreDuetDebugLogging
0x0000000001461000 	/System/Library/PrivateFrameworks/MMCS.framework/Versions/A/MMCS
0x0000000001461000 	/System/Library/Frameworks/CoreLocation.framework/Versions/A/CoreLocation
0x0000000001461000 	/System/Library/PrivateFrameworks/ProtectedCloudStorage.framework/Versions/A/ProtectedCloudStorage
0x0000000001461000 	/System/Library/PrivateFrameworks/GeoServices.framework/Versions/A/GeoServices
0x0000000001461000 	/System/Library/Frameworks/CoreGraphics.framework/Versions/A/Resources/libCGCMS.A.dylib
0x0000000001461000 	/System/Library/Frameworks/CoreGraphics.framework/Versions/A/Resources/libRIP.A.dylib
0x0000000001461000 	/System/Library/Frameworks/CoreGraphics.framework/Versions/A/Resources/libCGXType.A.dylib
0x0000000001461000 	/System/Library/Frameworks/OpenCL.framework/Versions/A/Libraries/libcldcpuengine.dylib
0x0000000001461000 	/System/Library/PrivateFrameworks/DiskImages.framework/Versions/A/DiskImages
0x0000000001461000 	/System/Library/Frameworks/DiscRecording.framework/Versions/A/DiscRecording
0x0000000001461000 	/usr/lib/libcsfde.dylib
0x0000000001461000 	/usr/lib/libcurl.4.dylib
0x0000000001461000 	/System/Library/PrivateFrameworks/MediaKit.framework/Versions/A/MediaKit
0x0000000001461000 	/usr/lib/libCoreStorage.dylib
0x0000000001461000 	/System/Library/PrivateFrameworks/EFILogin.framework/Versions/A/EFILogin
0x0000000001461000 	/usr/lib/libutil.dylib
0x0000000001461000 	/System/Library/PrivateFrameworks/FindMyDevice.framework/Versions/A/FindMyDevice
0x0000000001461000 	/System/Library/Frameworks/LDAP.framework/Versions/A/LDAP
0x0000000001461000 	/usr/lib/libsasl2.2.dylib
0x0000000001461000 	/System/Library/PrivateFrameworks/CoreDaemon.framework/Versions/B/CoreDaemon
0x0000000001461000 	/usr/lib/libcrypto.0.9.8.dylib
0x0000000001461000 	/System/Library/PrivateFrameworks/AppleSRP.framework/Versions/A/AppleSRP
0x0000000001461000 	/System/Library/PrivateFrameworks/TrustEvaluationAgent.framework/Versions/A/TrustEvaluationAgent
0x0000000128716000 	cl_kernels
0x0000000128718000 	/System/Library/Frameworks/OpenCL.framework/Versions/A/Libraries/ImageFormats/unorm8_bgra.dylib
0x0000000128707000 	cl_kernels
0x0000000001461000 	/System/Library/PrivateFrameworks/FamilyControls.framework/Versions/A/FamilyControls
0x0000000001461000 	/System/Library/PrivateFrameworks/CommerceKit.framework/Versions/A/Frameworks/CommerceCore.framework/Versions/A/CommerceCore
0x0000000001461000 	/System/Library/PrivateFrameworks/SystemAdministration.framework/Versions/A/SystemAdministration
0x0000000001461000 	/System/Library/PrivateFrameworks/AppContainer.framework/Versions/A/AppContainer
0x0000000001461000 	/System/Library/PrivateFrameworks/SecCodeWrapper.framework/Versions/A/SecCodeWrapper
0x0000000001461000 	/System/Library/Frameworks/DirectoryService.framework/Versions/A/DirectoryService
0x0000000001461000 	/System/Library/PrivateFrameworks/LoginUIKit.framework/Versions/A/Frameworks/LoginUICore.framework/Versions/A/LoginUICore
0x0000000001461000 	/usr/lib/libodfde.dylib
0x0000000001461000 	/System/Library/Frameworks/OpenGL.framework/Versions/A/Resources/GLEngine.bundle/GLEngine
0x0000000001461000 	/System/Library/Frameworks/OpenGL.framework/Versions/A/Libraries/libGLProgrammability.dylib
0x0000000129a61000 	/System/Library/Extensions/AppleIntelHD4000GraphicsGLDriver.bundle/Contents/MacOS/AppleIntelHD4000GraphicsGLDriver
0x0000000001461000 	/System/Library/PrivateFrameworks/IOAccelerator.framework/Versions/A/IOAccelerator
0x0000000001461000 	/System/Library/PrivateFrameworks/GPUSupport.framework/Versions/A/Libraries/libGPUSupportMercury.dylib
0x0000000001461000 	/System/Library/Frameworks/OpenGL.framework/Versions/A/Resources/GLRendererFloat.bundle/GLRendererFloat
0x000000012aa33000 	/Library/Java/JavaVirtualMachines/jdk1.8.0_71.jdk/Contents/Home/jre/lib/libfontmanager.dylib
0x000000012aa9a000 	/Library/Java/JavaVirtualMachines/jdk1.8.0_71.jdk/Contents/Home/jre/lib/libosxui.dylib
0x000000012b6ae000 	/Library/Java/JavaVirtualMachines/jdk1.8.0_71.jdk/Contents/Home/jre/lib/libjpeg.dylib
0x000000012708c000 	/Library/Java/JavaVirtualMachines/jdk1.8.0_71.jdk/Contents/Home/jre/lib/libnet.dylib
0x000000012ba8a000 	/Library/Java/JavaVirtualMachines/jdk1.8.0_71.jdk/Contents/Home/jre/lib/libnio.dylib
0x0000000001461000 	/System/Library/Frameworks/ApplicationServices.framework/Versions/A/Frameworks/ATS.framework/Versions/A/Resources/libTrueTypeScaler.dylib
0x000000018c67d000 	/Library/Java/JavaVirtualMachines/jdk1.8.0_71.jdk/Contents/Home/jre/lib/libjsound.dylib
0x000000018c690000 	/System/Library/Frameworks/CoreMIDI.framework/Versions/A/CoreMIDI
0x0000000001461000 	/usr/lib/libexpat.1.dylib
0x000000018c6ee000 	/System/Library/Extensions/AppleHDA.kext/Contents/PlugIns/AppleHDAHALPlugIn.bundle/Contents/MacOS/AppleHDAHALPlugIn
0x0000000194745000 	/System/Library/Components/CoreAudio.component/Contents/MacOS/CoreAudio
0x0000000001461000 	/System/Library/Frameworks/Accelerate.framework/Versions/A/Frameworks/vImage.framework/Versions/A/Libraries/libCGInterfaces.dylib
0x00000001a0d33000 	/Library/Java/JavaVirtualMachines/jdk1.8.0_71.jdk/Contents/Home/jre/lib/libdcpr.dylib

VM Arguments:
jvm_args: -Dfile.encoding=UTF-8 
java_command: frameA
java_class_path (initial): /Users/Lamya/Documents/College's/JAVA ll/game/bin
Launcher Type: SUN_STANDARD

Environment Variables:
PATH=/usr/bin:/bin:/usr/sbin:/sbin
SHELL=/bin/bash

Signal Handlers:
SIGSEGV: [libjvm.dylib+0x5a68c5], sa_mask[0]=11111111011111110111111111111111, sa_flags=SA_ONSTACK|SA_RESTART|SA_SIGINFO
SIGBUS: [libjvm.dylib+0x5a68c5], sa_mask[0]=11111111011111110111111111111111, sa_flags=SA_RESTART|SA_SIGINFO
SIGFPE: [libjvm.dylib+0x4805d4], sa_mask[0]=11111111011111110111111111111111, sa_flags=SA_RESTART|SA_SIGINFO
SIGPIPE: [libjvm.dylib+0x4805d4], sa_mask[0]=11111111011111110111111111111111, sa_flags=SA_RESTART|SA_SIGINFO
SIGXFSZ: [libjvm.dylib+0x4805d4], sa_mask[0]=11111111011111110111111111111111, sa_flags=SA_RESTART|SA_SIGINFO
SIGILL: [libjvm.dylib+0x4805d4], sa_mask[0]=11111111011111110111111111111111, sa_flags=SA_RESTART|SA_SIGINFO
SIGUSR1: SIG_DFL, sa_mask[0]=00000000000000000000000000000000, sa_flags=none
SIGUSR2: [libjvm.dylib+0x4800f2], sa_mask[0]=00100000000000000000000000000000, sa_flags=SA_RESTART|SA_SIGINFO
SIGHUP: [AudioToolbox+0xf933a], sa_mask[0]=00000000000000000000000000000000, sa_flags=SA_RESTART
SIGINT: [libjvm.dylib+0x47e6c9], sa_mask[0]=11111111011111110111111111111111, sa_flags=SA_RESTART|SA_SIGINFO
SIGTERM: [libjvm.dylib+0x47e6c9], sa_mask[0]=11111111011111110111111111111111, sa_flags=SA_RESTART|SA_SIGINFO
SIGQUIT: [libjvm.dylib+0x47e6c9], sa_mask[0]=11111111011111110111111111111111, sa_flags=SA_RESTART|SA_SIGINFO


---------------  S Y S T E M  ---------------

OS:Bsduname:Darwin 14.5.0 Darwin Kernel Version 14.5.0: Mon Aug 29 21:14:16 PDT 2016; root:xnu-2782.50.6~1/RELEASE_X86_64 x86_64
rlimit: STACK 8192k, CORE 0k, NPROC 709, NOFILE 10240, AS infinity
load average:2.66 2.35 2.27

CPU:total 4 (2 cores per cpu, 2 threads per core) family 6 model 58 stepping 9, cmov, cx8, fxsr, mmx, sse, sse2, sse3, ssse3, sse4.1, sse4.2, popcnt, avx, aes, clmul, erms, ht, tsc, tscinvbit, tscinv

Memory: 4k page, physical 4194304k(19288k free)

/proc/meminfo:


vm_info: Java HotSpot(TM) 64-Bit Server VM (25.71-b15) for bsd-amd64 JRE (1.8.0_71-b15), built on Dec 22 2015 15:11:44 by "java_re" with gcc 4.2.1 (Based on Apple Inc. build 5658) (LLVM build 2336.11.00)

time: Wed Dec 21 11:13:20 2016
elapsed time: 10419 seconds (0d 2h 53m 39s)

